{"contracts/Diamond.sol":{"l":{"32":33,"33":33,"41":1064,"42":1064,"44":1064,"48":1064,"49":1064,"50":0,"53":1064},"path":"/Users/test/csigma-app/csigma-protocol/contracts/Diamond.sol","s":{"1":33,"2":33,"3":1064,"4":1064,"5":1064,"6":1064},"b":{"1":[0,1064]},"f":{"1":33,"2":1064},"fnMap":{"1":{"name":"constructor","line":31,"loc":{"start":{"line":31,"column":4},"end":{"line":36,"column":4}}},"2":{"name":null,"line":40,"loc":{"start":{"line":40,"column":4},"end":{"line":69,"column":4}}}},"statementMap":{"1":{"start":{"line":32,"column":8},"end":{"line":32,"column":47}},"2":{"start":{"line":33,"column":8},"end":{"line":33,"column":73}},"3":{"start":{"line":41,"column":8},"end":{"line":41,"column":44}},"4":{"start":{"line":42,"column":8},"end":{"line":42,"column":62}},"5":{"start":{"line":48,"column":8},"end":{"line":48,"column":80}},"6":{"start":{"line":49,"column":8},"end":{"line":49,"column":1813}}},"branchMap":{"1":{"line":49,"type":"if","locations":[{"start":{"line":49,"column":8},"end":{"line":49,"column":8}},{"start":{"line":49,"column":8},"end":{"line":49,"column":8}}]}}},"contracts/facets/AccessControlFacet.sol":{"l":{"32":608,"33":608,"43":458,"50":10,"51":10,"58":9,"66":449,"67":449,"74":409,"108":69,"109":69,"110":69,"111":69,"112":69,"118":10,"119":9,"120":9,"121":1,"123":8,"124":8,"134":71,"135":71,"136":2,"138":69,"139":69,"146":0,"151":117,"152":5,"158":26,"159":9,"165":109,"166":17,"172":58,"173":7,"179":0,"180":0,"186":26,"187":2,"193":0,"194":0,"200":0,"201":0,"212":1,"219":9,"227":7,"234":2,"240":10,"250":65,"257":6},"path":"/Users/test/csigma-app/csigma-protocol/contracts/facets/AccessControlFacet.sol","s":{"1":608,"2":458,"3":10,"4":10,"5":9,"6":449,"7":449,"8":409,"9":69,"10":69,"11":69,"12":69,"13":69,"14":10,"15":9,"16":9,"17":8,"18":8,"19":71,"20":71,"21":69,"22":69,"23":0,"24":117,"25":26,"26":109,"27":58,"28":0,"29":26,"30":0,"31":0,"32":1,"33":9,"34":7,"35":2,"36":10,"37":65,"38":6},"b":{"1":[1,8],"2":[2,69],"3":[5,112],"4":[9,17],"5":[17,92],"6":[7,51],"7":[0,0],"8":[2,24],"9":[0,0],"10":[0,0]},"f":{"1":608,"2":458,"3":10,"4":9,"5":449,"6":409,"7":69,"8":10,"9":71,"10":0,"11":117,"12":26,"13":109,"14":58,"15":0,"16":26,"17":0,"18":0,"19":1,"20":9,"21":7,"22":2,"23":10,"24":65,"25":6},"fnMap":{"1":{"name":"diamondStorage","line":31,"loc":{"start":{"line":31,"column":4},"end":{"line":36,"column":4}}},"2":{"name":"hasRole","line":42,"loc":{"start":{"line":42,"column":1},"end":{"line":44,"column":1}}},"3":{"name":"features","line":49,"loc":{"start":{"line":49,"column":4},"end":{"line":52,"column":1}}},"4":{"name":"isFeatureEnabled","line":57,"loc":{"start":{"line":57,"column":4},"end":{"line":59,"column":1}}},"5":{"name":"isOperatorInRole","line":65,"loc":{"start":{"line":65,"column":4},"end":{"line":68,"column":1}}},"6":{"name":"isSenderInRole","line":73,"loc":{"start":{"line":73,"column":1},"end":{"line":75,"column":1}}},"7":{"name":"evaluateBy","line":107,"loc":{"start":{"line":107,"column":4},"end":{"line":113,"column":1}}},"8":{"name":"initializeAccessControl","line":117,"loc":{"start":{"line":117,"column":4},"end":{"line":125,"column":4}}},"9":{"name":"updateRole","line":133,"loc":{"start":{"line":133,"column":1},"end":{"line":140,"column":4}}},"10":{"name":"updateFeatures","line":145,"loc":{"start":{"line":145,"column":4},"end":{"line":147,"column":1}}},"11":{"name":"enforceIsCreateManager","line":150,"loc":{"start":{"line":150,"column":4},"end":{"line":154,"column":4}}},"12":{"name":"enforceIsDeleteManager","line":157,"loc":{"start":{"line":157,"column":4},"end":{"line":161,"column":4}}},"13":{"name":"enforceIsEditManager","line":164,"loc":{"start":{"line":164,"column":4},"end":{"line":168,"column":4}}},"14":{"name":"enforceIsConfigManager","line":171,"loc":{"start":{"line":171,"column":4},"end":{"line":175,"column":4}}},"15":{"name":"enforceIsInvestManager","line":178,"loc":{"start":{"line":178,"column":4},"end":{"line":182,"column":4}}},"16":{"name":"enforceIsWithdrawManager","line":185,"loc":{"start":{"line":185,"column":4},"end":{"line":189,"column":4}}},"17":{"name":"enforceIsDistributeManager","line":192,"loc":{"start":{"line":192,"column":4},"end":{"line":196,"column":4}}},"18":{"name":"enforceIsFeeManager","line":199,"loc":{"start":{"line":199,"column":4},"end":{"line":203,"column":4}}},"19":{"name":"features","line":211,"loc":{"start":{"line":211,"column":4},"end":{"line":213,"column":1}}},"20":{"name":"isFeatureEnabled","line":218,"loc":{"start":{"line":218,"column":4},"end":{"line":220,"column":1}}},"21":{"name":"isOperatorInRole","line":226,"loc":{"start":{"line":226,"column":4},"end":{"line":228,"column":1}}},"22":{"name":"isSenderInRole","line":233,"loc":{"start":{"line":233,"column":1},"end":{"line":235,"column":1}}},"23":{"name":"initializeAccessControl","line":239,"loc":{"start":{"line":239,"column":4},"end":{"line":241,"column":4}}},"24":{"name":"updateRole","line":249,"loc":{"start":{"line":249,"column":1},"end":{"line":251,"column":1}}},"25":{"name":"updateFeatures","line":256,"loc":{"start":{"line":256,"column":4},"end":{"line":258,"column":1}}}},"statementMap":{"1":{"start":{"line":32,"column":8},"end":{"line":32,"column":51}},"2":{"start":{"line":43,"column":2},"end":{"line":43,"column":41}},"3":{"start":{"line":50,"column":2},"end":{"line":50,"column":66}},"4":{"start":{"line":51,"column":8},"end":{"line":51,"column":58}},"5":{"start":{"line":58,"column":2},"end":{"line":58,"column":39}},"6":{"start":{"line":66,"column":2},"end":{"line":66,"column":66}},"7":{"start":{"line":67,"column":8},"end":{"line":67,"column":74}},"8":{"start":{"line":74,"column":2},"end":{"line":74,"column":48}},"9":{"start":{"line":108,"column":2},"end":{"line":108,"column":66}},"10":{"start":{"line":109,"column":2},"end":{"line":109,"column":53}},"11":{"start":{"line":110,"column":8},"end":{"line":110,"column":30}},"12":{"start":{"line":111,"column":2},"end":{"line":111,"column":74}},"13":{"start":{"line":112,"column":2},"end":{"line":112,"column":16}},"14":{"start":{"line":118,"column":8},"end":{"line":118,"column":42}},"15":{"start":{"line":119,"column":8},"end":{"line":119,"column":72}},"16":{"start":{"line":120,"column":8},"end":{"line":120,"column":6019}},"17":{"start":{"line":123,"column":8},"end":{"line":123,"column":86}},"18":{"start":{"line":124,"column":8},"end":{"line":124,"column":46}},"19":{"start":{"line":134,"column":2},"end":{"line":134,"column":66}},"20":{"start":{"line":135,"column":8},"end":{"line":135,"column":6849}},"21":{"start":{"line":138,"column":2},"end":{"line":138,"column":113}},"22":{"start":{"line":139,"column":8},"end":{"line":139,"column":95}},"23":{"start":{"line":146,"column":2},"end":{"line":146,"column":33}},"24":{"start":{"line":151,"column":8},"end":{"line":151,"column":7646}},"25":{"start":{"line":158,"column":8},"end":{"line":158,"column":7910}},"26":{"start":{"line":165,"column":8},"end":{"line":165,"column":8170}},"27":{"start":{"line":172,"column":8},"end":{"line":172,"column":8430}},"28":{"start":{"line":179,"column":8},"end":{"line":179,"column":8694}},"29":{"start":{"line":186,"column":8},"end":{"line":186,"column":8962}},"30":{"start":{"line":193,"column":8},"end":{"line":193,"column":9238}},"31":{"start":{"line":200,"column":8},"end":{"line":200,"column":9504}},"32":{"start":{"line":212,"column":2},"end":{"line":212,"column":36}},"33":{"start":{"line":219,"column":2},"end":{"line":219,"column":53}},"34":{"start":{"line":227,"column":2},"end":{"line":227,"column":64}},"35":{"start":{"line":234,"column":2},"end":{"line":234,"column":51}},"36":{"start":{"line":240,"column":8},"end":{"line":240,"column":49}},"37":{"start":{"line":250,"column":2},"end":{"line":250,"column":46}},"38":{"start":{"line":257,"column":2},"end":{"line":257,"column":58}}},"branchMap":{"1":{"line":120,"type":"if","locations":[{"start":{"line":120,"column":8},"end":{"line":120,"column":8}},{"start":{"line":120,"column":8},"end":{"line":120,"column":8}}]},"2":{"line":135,"type":"if","locations":[{"start":{"line":135,"column":8},"end":{"line":135,"column":8}},{"start":{"line":135,"column":8},"end":{"line":135,"column":8}}]},"3":{"line":151,"type":"if","locations":[{"start":{"line":151,"column":8},"end":{"line":151,"column":8}},{"start":{"line":151,"column":8},"end":{"line":151,"column":8}}]},"4":{"line":158,"type":"if","locations":[{"start":{"line":158,"column":8},"end":{"line":158,"column":8}},{"start":{"line":158,"column":8},"end":{"line":158,"column":8}}]},"5":{"line":165,"type":"if","locations":[{"start":{"line":165,"column":8},"end":{"line":165,"column":8}},{"start":{"line":165,"column":8},"end":{"line":165,"column":8}}]},"6":{"line":172,"type":"if","locations":[{"start":{"line":172,"column":8},"end":{"line":172,"column":8}},{"start":{"line":172,"column":8},"end":{"line":172,"column":8}}]},"7":{"line":179,"type":"if","locations":[{"start":{"line":179,"column":8},"end":{"line":179,"column":8}},{"start":{"line":179,"column":8},"end":{"line":179,"column":8}}]},"8":{"line":186,"type":"if","locations":[{"start":{"line":186,"column":8},"end":{"line":186,"column":8}},{"start":{"line":186,"column":8},"end":{"line":186,"column":8}}]},"9":{"line":193,"type":"if","locations":[{"start":{"line":193,"column":8},"end":{"line":193,"column":8}},{"start":{"line":193,"column":8},"end":{"line":193,"column":8}}]},"10":{"line":200,"type":"if","locations":[{"start":{"line":200,"column":8},"end":{"line":200,"column":8}},{"start":{"line":200,"column":8},"end":{"line":200,"column":8}}]}}},"contracts/facets/CreditPoolFacet.sol":{"l":{"60":692,"61":692,"69":4,"70":4,"76":1,"77":1,"83":10,"84":10,"90":37,"91":37,"97":7,"98":7,"105":9,"106":9,"112":7,"113":7,"119":7,"120":7,"126":2,"127":2,"133":20,"134":20,"140":3,"141":3,"148":6,"149":6,"155":16,"156":16,"163":13,"164":13,"171":7,"172":7,"178":3,"179":2,"180":2,"181":2,"204":41,"205":39,"206":39,"207":2,"209":37,"210":36,"224":36,"225":36,"226":36,"227":36,"234":8,"235":7,"236":7,"237":0,"239":7,"240":7,"241":7,"242":7,"243":7,"244":7,"245":7,"253":4,"254":3,"255":2,"256":2,"264":11,"265":10,"266":9,"267":9,"268":1,"270":8,"278":4,"279":3,"280":2,"281":2,"289":6,"290":5,"291":4,"292":4,"300":4,"301":3,"302":2,"303":2,"311":2,"312":2,"313":2,"321":4,"322":3,"323":3,"324":1,"326":2,"334":16,"335":15,"336":14,"337":14,"350":3,"351":3,"352":3,"360":22,"361":22,"362":22,"363":0,"365":22,"366":22,"367":22,"368":22,"369":22,"370":22,"371":22,"372":22,"381":8,"382":8,"383":8,"384":8,"385":8,"386":8,"387":8,"388":8,"389":8,"390":8,"391":3,"392":3,"393":3,"395":8,"396":8,"405":79,"406":79,"407":79,"408":79,"416":2,"417":1,"418":1,"419":1,"420":1,"421":1,"422":1,"423":1,"426":1,"427":1,"435":2,"436":1,"437":1,"438":1,"439":1,"441":1,"446":85,"447":85,"448":0,"454":81,"455":81,"456":5,"462":26,"463":26,"464":1,"470":24,"471":24,"472":2,"478":0,"479":0,"480":0,"486":48,"487":48,"488":2,"494":81,"495":81,"496":8,"524":4,"530":1,"536":4,"542":3,"548":3,"555":3,"561":3,"567":3,"573":2,"579":4,"585":3,"592":6,"598":16,"605":13,"612":7,"618":3,"641":4,"642":4,"649":8,"650":7,"658":4,"659":4,"660":2,"668":11,"669":11,"670":8,"678":4,"679":4,"680":2,"688":6,"689":6,"690":4,"698":4,"699":4,"700":2,"708":4,"709":4,"710":2,"718":16,"719":16,"720":14,"728":2,"736":2},"path":"/Users/test/csigma-app/csigma-protocol/contracts/facets/CreditPoolFacet.sol","s":{"1":692,"2":4,"3":4,"4":1,"5":1,"6":10,"7":10,"8":37,"9":37,"10":7,"11":7,"12":9,"13":9,"14":7,"15":7,"16":7,"17":7,"18":2,"19":2,"20":20,"21":20,"22":3,"23":3,"24":6,"25":6,"26":16,"27":16,"28":13,"29":13,"30":7,"31":7,"32":3,"33":2,"34":2,"35":2,"36":41,"37":39,"38":39,"39":37,"40":36,"41":36,"42":36,"43":36,"44":36,"45":8,"46":7,"47":7,"48":7,"49":7,"50":7,"51":7,"52":7,"53":7,"54":4,"55":3,"56":2,"57":2,"58":11,"59":10,"60":9,"61":9,"62":8,"63":4,"64":3,"65":2,"66":2,"67":6,"68":5,"69":4,"70":4,"71":4,"72":3,"73":2,"74":2,"75":2,"76":2,"77":2,"78":4,"79":3,"80":3,"81":2,"82":16,"83":15,"84":14,"85":14,"86":3,"87":3,"88":3,"89":22,"90":22,"91":22,"92":22,"93":22,"94":22,"95":22,"96":22,"97":22,"98":22,"99":22,"100":8,"101":8,"102":8,"103":8,"104":8,"105":8,"106":8,"107":8,"108":8,"109":8,"110":3,"111":3,"112":3,"113":8,"114":79,"115":79,"116":79,"117":79,"118":2,"119":1,"120":1,"121":1,"122":1,"123":1,"124":1,"125":1,"126":1,"127":2,"128":1,"129":1,"130":1,"131":1,"132":1,"133":85,"134":85,"135":81,"136":81,"137":26,"138":26,"139":24,"140":24,"141":0,"142":0,"143":48,"144":48,"145":81,"146":81,"147":4,"148":1,"149":4,"150":3,"151":3,"152":3,"153":3,"154":3,"155":2,"156":4,"157":3,"158":6,"159":16,"160":13,"161":7,"162":3,"163":4,"164":4,"165":8,"166":7,"167":4,"168":4,"169":2,"170":11,"171":11,"172":8,"173":4,"174":4,"175":2,"176":6,"177":6,"178":4,"179":4,"180":4,"181":2,"182":4,"183":4,"184":2,"185":16,"186":16,"187":14,"188":2,"189":2},"b":{"1":[2,37],"2":[0,7],"3":[1,8],"4":[1,2],"5":[0,22],"6":[22,0],"7":[8,0],"8":[3,5],"9":[1,0],"10":[1,0],"11":[0,85],"12":[5,76],"13":[1,25],"14":[2,22],"15":[0,0],"16":[2,46],"17":[8,73]},"f":{"1":692,"2":4,"3":1,"4":10,"5":37,"6":7,"7":9,"8":7,"9":7,"10":2,"11":20,"12":3,"13":6,"14":16,"15":13,"16":7,"17":3,"18":41,"19":8,"20":4,"21":11,"22":4,"23":6,"24":4,"25":2,"26":4,"27":16,"28":3,"29":22,"30":8,"31":79,"32":2,"33":2,"34":85,"35":81,"36":26,"37":24,"38":0,"39":48,"40":81,"41":4,"42":1,"43":4,"44":3,"45":3,"46":3,"47":3,"48":3,"49":2,"50":4,"51":3,"52":6,"53":16,"54":13,"55":7,"56":3,"57":4,"58":8,"59":4,"60":11,"61":4,"62":6,"63":4,"64":4,"65":16,"66":2,"67":2},"fnMap":{"1":{"name":"diamondStorage","line":59,"loc":{"start":{"line":59,"column":4},"end":{"line":64,"column":4}}},"2":{"name":"getCreditPool","line":68,"loc":{"start":{"line":68,"column":4},"end":{"line":71,"column":4}}},"3":{"name":"getCreditPoolManagerId","line":75,"loc":{"start":{"line":75,"column":4},"end":{"line":78,"column":4}}},"4":{"name":"getCreditPoolMetaHash","line":82,"loc":{"start":{"line":82,"column":4},"end":{"line":85,"column":4}}},"5":{"name":"getCreditPoolBorrowingAmount","line":89,"loc":{"start":{"line":89,"column":4},"end":{"line":92,"column":4}}},"6":{"name":"getCreditPoolInceptionTime","line":96,"loc":{"start":{"line":96,"column":4},"end":{"line":99,"column":4}}},"7":{"name":"getCreditPoolExpiryTime","line":104,"loc":{"start":{"line":104,"column":4},"end":{"line":107,"column":4}}},"8":{"name":"getCreditPoolCuringPeriod","line":111,"loc":{"start":{"line":111,"column":4},"end":{"line":114,"column":4}}},"9":{"name":"getCreditPoolRatings","line":118,"loc":{"start":{"line":118,"column":4},"end":{"line":121,"column":4}}},"10":{"name":"getCreditPoolBindingIndex","line":125,"loc":{"start":{"line":125,"column":4},"end":{"line":128,"column":4}}},"11":{"name":"getCreditPoolStatus","line":132,"loc":{"start":{"line":132,"column":4},"end":{"line":135,"column":4}}},"12":{"name":"getLenderIdsLength","line":139,"loc":{"start":{"line":139,"column":4},"end":{"line":142,"column":4}}},"13":{"name":"getLenderId","line":147,"loc":{"start":{"line":147,"column":4},"end":{"line":150,"column":4}}},"14":{"name":"getPaymentIdsLength","line":154,"loc":{"start":{"line":154,"column":4},"end":{"line":157,"column":4}}},"15":{"name":"getPaymentId","line":162,"loc":{"start":{"line":162,"column":4},"end":{"line":165,"column":4}}},"16":{"name":"getLenderBinding","line":170,"loc":{"start":{"line":170,"column":4},"end":{"line":173,"column":4}}},"17":{"name":"getMetadataURI","line":177,"loc":{"start":{"line":177,"column":4},"end":{"line":182,"column":4}}},"18":{"name":"createCreditPool","line":194,"loc":{"start":{"line":194,"column":4},"end":{"line":228,"column":4}}},"19":{"name":"removeCreditPool","line":233,"loc":{"start":{"line":233,"column":4},"end":{"line":246,"column":4}}},"20":{"name":"updateCreditPoolHash","line":252,"loc":{"start":{"line":252,"column":4},"end":{"line":257,"column":4}}},"21":{"name":"updateCreditPoolBorrowingAmount","line":263,"loc":{"start":{"line":263,"column":4},"end":{"line":271,"column":4}}},"22":{"name":"updateCreditPoolInceptionTime","line":277,"loc":{"start":{"line":277,"column":4},"end":{"line":282,"column":4}}},"23":{"name":"updateCreditPoolExpiryTime","line":288,"loc":{"start":{"line":288,"column":4},"end":{"line":293,"column":4}}},"24":{"name":"updateCreditPoolCuringPeriod","line":299,"loc":{"start":{"line":299,"column":4},"end":{"line":304,"column":4}}},"25":{"name":"updateBindingIndexOfPool","line":310,"loc":{"start":{"line":310,"column":4},"end":{"line":314,"column":4}}},"26":{"name":"updateCreditRatings","line":320,"loc":{"start":{"line":320,"column":4},"end":{"line":327,"column":4}}},"27":{"name":"updateCreditPoolStatus","line":333,"loc":{"start":{"line":333,"column":4},"end":{"line":338,"column":4}}},"28":{"name":"updatePoolIndexInLender","line":345,"loc":{"start":{"line":345,"column":4},"end":{"line":353,"column":4}}},"29":{"name":"addLenderId","line":359,"loc":{"start":{"line":359,"column":4},"end":{"line":374,"column":4}}},"30":{"name":"removeLenderId","line":380,"loc":{"start":{"line":380,"column":4},"end":{"line":398,"column":4}}},"31":{"name":"addPaymentId","line":404,"loc":{"start":{"line":404,"column":4},"end":{"line":409,"column":4}}},"32":{"name":"removePaymentId","line":415,"loc":{"start":{"line":415,"column":4},"end":{"line":428,"column":4}}},"33":{"name":"removePaymentIdByIndex","line":434,"loc":{"start":{"line":434,"column":4},"end":{"line":442,"column":4}}},"34":{"name":"enforceIsCreditPool","line":445,"loc":{"start":{"line":445,"column":4},"end":{"line":450,"column":4}}},"35":{"name":"enforceIsActivePool","line":453,"loc":{"start":{"line":453,"column":4},"end":{"line":458,"column":4}}},"36":{"name":"enforcePoolIsNotExpired","line":461,"loc":{"start":{"line":461,"column":4},"end":{"line":466,"column":4}}},"37":{"name":"enforceIsLenderBoundWithPool","line":469,"loc":{"start":{"line":469,"column":4},"end":{"line":474,"column":4}}},"38":{"name":"enforceLenderIsNotBoundWithPool","line":477,"loc":{"start":{"line":477,"column":4},"end":{"line":482,"column":4}}},"39":{"name":"enforceIsPoolManagerBoundWithPool","line":485,"loc":{"start":{"line":485,"column":4},"end":{"line":490,"column":4}}},"40":{"name":"enforceIsCreditPoolIdExist","line":493,"loc":{"start":{"line":493,"column":4},"end":{"line":498,"column":4}}},"41":{"name":"getCreditPool","line":523,"loc":{"start":{"line":523,"column":4},"end":{"line":525,"column":4}}},"42":{"name":"getCreditPoolManagerId","line":529,"loc":{"start":{"line":529,"column":4},"end":{"line":531,"column":4}}},"43":{"name":"getCreditPoolMetaHash","line":535,"loc":{"start":{"line":535,"column":4},"end":{"line":537,"column":4}}},"44":{"name":"getCreditPoolBorrowingAmount","line":541,"loc":{"start":{"line":541,"column":4},"end":{"line":543,"column":4}}},"45":{"name":"getCreditPoolInceptionTime","line":547,"loc":{"start":{"line":547,"column":4},"end":{"line":549,"column":4}}},"46":{"name":"getCreditPoolExpiryTime","line":554,"loc":{"start":{"line":554,"column":4},"end":{"line":556,"column":4}}},"47":{"name":"getCreditPoolCuringPeriod","line":560,"loc":{"start":{"line":560,"column":4},"end":{"line":562,"column":4}}},"48":{"name":"getCreditPoolRatings","line":566,"loc":{"start":{"line":566,"column":4},"end":{"line":568,"column":4}}},"49":{"name":"getCreditPoolBindingIndex","line":572,"loc":{"start":{"line":572,"column":4},"end":{"line":574,"column":4}}},"50":{"name":"getCreditPoolStatus","line":578,"loc":{"start":{"line":578,"column":4},"end":{"line":580,"column":4}}},"51":{"name":"getCreditPoolLenderIdsLength","line":584,"loc":{"start":{"line":584,"column":4},"end":{"line":586,"column":4}}},"52":{"name":"getCreditPoolLenderId","line":591,"loc":{"start":{"line":591,"column":4},"end":{"line":593,"column":4}}},"53":{"name":"getCreditPoolPaymentIdsLength","line":597,"loc":{"start":{"line":597,"column":4},"end":{"line":599,"column":4}}},"54":{"name":"getCreditPoolPaymentId","line":604,"loc":{"start":{"line":604,"column":4},"end":{"line":606,"column":4}}},"55":{"name":"getLenderBinding","line":611,"loc":{"start":{"line":611,"column":4},"end":{"line":613,"column":4}}},"56":{"name":"getCreditPoolMetadataURI","line":617,"loc":{"start":{"line":617,"column":4},"end":{"line":619,"column":4}}},"57":{"name":"createCreditPool","line":631,"loc":{"start":{"line":631,"column":4},"end":{"line":643,"column":4}}},"58":{"name":"deleteCreditPool","line":648,"loc":{"start":{"line":648,"column":4},"end":{"line":651,"column":4}}},"59":{"name":"updateCreditPoolHash","line":657,"loc":{"start":{"line":657,"column":4},"end":{"line":661,"column":4}}},"60":{"name":"updateCreditPoolBorrowingAmount","line":667,"loc":{"start":{"line":667,"column":4},"end":{"line":671,"column":4}}},"61":{"name":"updateCreditPoolInceptionTime","line":677,"loc":{"start":{"line":677,"column":4},"end":{"line":681,"column":4}}},"62":{"name":"updateCreditPoolExpiryTime","line":687,"loc":{"start":{"line":687,"column":4},"end":{"line":691,"column":4}}},"63":{"name":"updateCreditPoolCuringPeriod","line":697,"loc":{"start":{"line":697,"column":4},"end":{"line":701,"column":4}}},"64":{"name":"updateCreditRatings","line":707,"loc":{"start":{"line":707,"column":4},"end":{"line":711,"column":4}}},"65":{"name":"updateCreditPoolStatus","line":717,"loc":{"start":{"line":717,"column":4},"end":{"line":721,"column":4}}},"66":{"name":"removeCreditPoolPaymentId","line":727,"loc":{"start":{"line":727,"column":4},"end":{"line":729,"column":4}}},"67":{"name":"removeCreditPoolPaymentIdByIndex","line":735,"loc":{"start":{"line":735,"column":4},"end":{"line":737,"column":4}}}},"statementMap":{"1":{"start":{"line":60,"column":8},"end":{"line":60,"column":51}},"2":{"start":{"line":69,"column":8},"end":{"line":69,"column":66}},"3":{"start":{"line":70,"column":8},"end":{"line":70,"column":51}},"4":{"start":{"line":76,"column":8},"end":{"line":76,"column":66}},"5":{"start":{"line":77,"column":8},"end":{"line":77,"column":65}},"6":{"start":{"line":83,"column":8},"end":{"line":83,"column":66}},"7":{"start":{"line":84,"column":8},"end":{"line":84,"column":60}},"8":{"start":{"line":90,"column":8},"end":{"line":90,"column":66}},"9":{"start":{"line":91,"column":8},"end":{"line":91,"column":67}},"10":{"start":{"line":97,"column":8},"end":{"line":97,"column":66}},"11":{"start":{"line":98,"column":8},"end":{"line":98,"column":65}},"12":{"start":{"line":105,"column":8},"end":{"line":105,"column":66}},"13":{"start":{"line":106,"column":8},"end":{"line":106,"column":62}},"14":{"start":{"line":112,"column":8},"end":{"line":112,"column":66}},"15":{"start":{"line":113,"column":8},"end":{"line":113,"column":64}},"16":{"start":{"line":119,"column":8},"end":{"line":119,"column":66}},"17":{"start":{"line":120,"column":8},"end":{"line":120,"column":59}},"18":{"start":{"line":126,"column":8},"end":{"line":126,"column":66}},"19":{"start":{"line":127,"column":8},"end":{"line":127,"column":64}},"20":{"start":{"line":133,"column":8},"end":{"line":133,"column":66}},"21":{"start":{"line":134,"column":8},"end":{"line":134,"column":58}},"22":{"start":{"line":140,"column":8},"end":{"line":140,"column":66}},"23":{"start":{"line":141,"column":8},"end":{"line":141,"column":68}},"24":{"start":{"line":148,"column":8},"end":{"line":148,"column":66}},"25":{"start":{"line":149,"column":8},"end":{"line":149,"column":69}},"26":{"start":{"line":155,"column":8},"end":{"line":155,"column":66}},"27":{"start":{"line":156,"column":8},"end":{"line":156,"column":69}},"28":{"start":{"line":163,"column":8},"end":{"line":163,"column":66}},"29":{"start":{"line":164,"column":8},"end":{"line":164,"column":70}},"30":{"start":{"line":171,"column":8},"end":{"line":171,"column":66}},"31":{"start":{"line":172,"column":8},"end":{"line":172,"column":64}},"32":{"start":{"line":178,"column":8},"end":{"line":178,"column":42}},"33":{"start":{"line":179,"column":8},"end":{"line":179,"column":57}},"34":{"start":{"line":180,"column":8},"end":{"line":180,"column":64}},"35":{"start":{"line":181,"column":8},"end":{"line":181,"column":105}},"36":{"start":{"line":204,"column":8},"end":{"line":204,"column":48}},"37":{"start":{"line":205,"column":8},"end":{"line":205,"column":66}},"38":{"start":{"line":206,"column":8},"end":{"line":206,"column":9545}},"39":{"start":{"line":209,"column":8},"end":{"line":209,"column":69}},"40":{"start":{"line":210,"column":8},"end":{"line":210,"column":9803}},"41":{"start":{"line":224,"column":8},"end":{"line":224,"column":46}},"42":{"start":{"line":225,"column":8},"end":{"line":225,"column":62}},"43":{"start":{"line":226,"column":8},"end":{"line":226,"column":47}},"44":{"start":{"line":227,"column":8},"end":{"line":227,"column":57}},"45":{"start":{"line":234,"column":8},"end":{"line":234,"column":48}},"46":{"start":{"line":235,"column":8},"end":{"line":235,"column":66}},"47":{"start":{"line":236,"column":8},"end":{"line":236,"column":10876}},"48":{"start":{"line":239,"column":8},"end":{"line":239,"column":95}},"49":{"start":{"line":240,"column":8},"end":{"line":240,"column":79}},"50":{"start":{"line":241,"column":8},"end":{"line":241,"column":46}},"51":{"start":{"line":242,"column":8},"end":{"line":242,"column":65}},"52":{"start":{"line":243,"column":8},"end":{"line":243,"column":51}},"53":{"start":{"line":244,"column":8},"end":{"line":244,"column":47}},"54":{"start":{"line":253,"column":8},"end":{"line":253,"column":46}},"55":{"start":{"line":254,"column":8},"end":{"line":254,"column":48}},"56":{"start":{"line":255,"column":8},"end":{"line":255,"column":66}},"57":{"start":{"line":256,"column":8},"end":{"line":256,"column":66}},"58":{"start":{"line":264,"column":8},"end":{"line":264,"column":46}},"59":{"start":{"line":265,"column":8},"end":{"line":265,"column":48}},"60":{"start":{"line":266,"column":8},"end":{"line":266,"column":66}},"61":{"start":{"line":267,"column":8},"end":{"line":267,"column":12687}},"62":{"start":{"line":270,"column":8},"end":{"line":270,"column":84}},"63":{"start":{"line":278,"column":8},"end":{"line":278,"column":46}},"64":{"start":{"line":279,"column":8},"end":{"line":279,"column":48}},"65":{"start":{"line":280,"column":8},"end":{"line":280,"column":66}},"66":{"start":{"line":281,"column":8},"end":{"line":281,"column":80}},"67":{"start":{"line":289,"column":8},"end":{"line":289,"column":46}},"68":{"start":{"line":290,"column":8},"end":{"line":290,"column":48}},"69":{"start":{"line":291,"column":8},"end":{"line":291,"column":66}},"70":{"start":{"line":292,"column":8},"end":{"line":292,"column":74}},"71":{"start":{"line":300,"column":8},"end":{"line":300,"column":46}},"72":{"start":{"line":301,"column":8},"end":{"line":301,"column":48}},"73":{"start":{"line":302,"column":8},"end":{"line":302,"column":66}},"74":{"start":{"line":303,"column":8},"end":{"line":303,"column":78}},"75":{"start":{"line":311,"column":8},"end":{"line":311,"column":28}},"76":{"start":{"line":312,"column":8},"end":{"line":312,"column":66}},"77":{"start":{"line":313,"column":8},"end":{"line":313,"column":86}},"78":{"start":{"line":321,"column":8},"end":{"line":321,"column":46}},"79":{"start":{"line":322,"column":8},"end":{"line":322,"column":66}},"80":{"start":{"line":323,"column":8},"end":{"line":323,"column":15965}},"81":{"start":{"line":326,"column":8},"end":{"line":326,"column":68}},"82":{"start":{"line":334,"column":8},"end":{"line":334,"column":46}},"83":{"start":{"line":335,"column":8},"end":{"line":335,"column":48}},"84":{"start":{"line":336,"column":8},"end":{"line":336,"column":66}},"85":{"start":{"line":337,"column":8},"end":{"line":337,"column":66}},"86":{"start":{"line":350,"column":8},"end":{"line":350,"column":28}},"87":{"start":{"line":351,"column":8},"end":{"line":351,"column":66}},"88":{"start":{"line":352,"column":8},"end":{"line":352,"column":109}},"89":{"start":{"line":360,"column":8},"end":{"line":360,"column":32}},"90":{"start":{"line":361,"column":8},"end":{"line":361,"column":66}},"91":{"start":{"line":362,"column":8},"end":{"line":362,"column":18009}},"92":{"start":{"line":365,"column":8},"end":{"line":365,"column":18161}},"93":{"start":{"line":366,"column":12},"end":{"line":366,"column":107}},"94":{"start":{"line":367,"column":12},"end":{"line":367,"column":85}},"95":{"start":{"line":368,"column":12},"end":{"line":368,"column":50}},"96":{"start":{"line":369,"column":12},"end":{"line":369,"column":56}},"97":{"start":{"line":370,"column":12},"end":{"line":370,"column":51}},"98":{"start":{"line":371,"column":12},"end":{"line":371,"column":79}},"99":{"start":{"line":372,"column":12},"end":{"line":372,"column":122}},"100":{"start":{"line":381,"column":8},"end":{"line":381,"column":32}},"101":{"start":{"line":382,"column":8},"end":{"line":382,"column":66}},"102":{"start":{"line":383,"column":8},"end":{"line":383,"column":19292}},"103":{"start":{"line":384,"column":12},"end":{"line":384,"column":115}},"104":{"start":{"line":385,"column":12},"end":{"line":385,"column":113}},"105":{"start":{"line":386,"column":12},"end":{"line":386,"column":113}},"106":{"start":{"line":387,"column":12},"end":{"line":387,"column":50}},"107":{"start":{"line":388,"column":12},"end":{"line":388,"column":71}},"108":{"start":{"line":389,"column":12},"end":{"line":389,"column":51}},"109":{"start":{"line":390,"column":12},"end":{"line":390,"column":19906}},"110":{"start":{"line":391,"column":16},"end":{"line":391,"column":166}},"111":{"start":{"line":392,"column":16},"end":{"line":392,"column":118}},"112":{"start":{"line":393,"column":16},"end":{"line":393,"column":121}},"113":{"start":{"line":395,"column":12},"end":{"line":395,"column":69}},"114":{"start":{"line":405,"column":8},"end":{"line":405,"column":32}},"115":{"start":{"line":406,"column":8},"end":{"line":406,"column":66}},"116":{"start":{"line":407,"column":8},"end":{"line":407,"column":82}},"117":{"start":{"line":408,"column":8},"end":{"line":408,"column":45}},"118":{"start":{"line":416,"column":8},"end":{"line":416,"column":48}},"119":{"start":{"line":417,"column":8},"end":{"line":417,"column":66}},"120":{"start":{"line":418,"column":8},"end":{"line":418,"column":82}},"121":{"start":{"line":419,"column":8},"end":{"line":419,"column":21}},"122":{"start":{"line":420,"column":8},"end":{"line":420,"column":21770}},"123":{"start":{"line":421,"column":12},"end":{"line":421,"column":21847}},"124":{"start":{"line":422,"column":16},"end":{"line":422,"column":24}},"125":{"start":{"line":426,"column":8},"end":{"line":426,"column":93}},"126":{"start":{"line":427,"column":8},"end":{"line":427,"column":34}},"127":{"start":{"line":435,"column":8},"end":{"line":435,"column":48}},"128":{"start":{"line":436,"column":8},"end":{"line":436,"column":66}},"129":{"start":{"line":437,"column":8},"end":{"line":437,"column":82}},"130":{"start":{"line":438,"column":8},"end":{"line":438,"column":22739}},"131":{"start":{"line":439,"column":12},"end":{"line":439,"column":105}},"132":{"start":{"line":441,"column":8},"end":{"line":441,"column":34}},"133":{"start":{"line":446,"column":8},"end":{"line":446,"column":66}},"134":{"start":{"line":447,"column":8},"end":{"line":447,"column":23154}},"135":{"start":{"line":454,"column":8},"end":{"line":454,"column":66}},"136":{"start":{"line":455,"column":8},"end":{"line":455,"column":23453}},"137":{"start":{"line":462,"column":8},"end":{"line":462,"column":66}},"138":{"start":{"line":463,"column":8},"end":{"line":463,"column":23817}},"139":{"start":{"line":470,"column":8},"end":{"line":470,"column":66}},"140":{"start":{"line":471,"column":8},"end":{"line":471,"column":24226}},"141":{"start":{"line":478,"column":8},"end":{"line":478,"column":66}},"142":{"start":{"line":479,"column":8},"end":{"line":479,"column":24646}},"143":{"start":{"line":486,"column":8},"end":{"line":486,"column":66}},"144":{"start":{"line":487,"column":8},"end":{"line":487,"column":25068}},"145":{"start":{"line":494,"column":8},"end":{"line":494,"column":66}},"146":{"start":{"line":495,"column":8},"end":{"line":495,"column":25487}},"147":{"start":{"line":524,"column":8},"end":{"line":524,"column":51}},"148":{"start":{"line":530,"column":8},"end":{"line":530,"column":60}},"149":{"start":{"line":536,"column":8},"end":{"line":536,"column":59}},"150":{"start":{"line":542,"column":8},"end":{"line":542,"column":66}},"151":{"start":{"line":548,"column":8},"end":{"line":548,"column":64}},"152":{"start":{"line":555,"column":8},"end":{"line":555,"column":61}},"153":{"start":{"line":561,"column":8},"end":{"line":561,"column":63}},"154":{"start":{"line":567,"column":8},"end":{"line":567,"column":58}},"155":{"start":{"line":573,"column":8},"end":{"line":573,"column":63}},"156":{"start":{"line":579,"column":8},"end":{"line":579,"column":57}},"157":{"start":{"line":585,"column":8},"end":{"line":585,"column":56}},"158":{"start":{"line":592,"column":8},"end":{"line":592,"column":57}},"159":{"start":{"line":598,"column":8},"end":{"line":598,"column":57}},"160":{"start":{"line":605,"column":8},"end":{"line":605,"column":58}},"161":{"start":{"line":612,"column":8},"end":{"line":612,"column":65}},"162":{"start":{"line":618,"column":8},"end":{"line":618,"column":52}},"163":{"start":{"line":641,"column":8},"end":{"line":641,"column":196}},"164":{"start":{"line":642,"column":8},"end":{"line":642,"column":46}},"165":{"start":{"line":649,"column":8},"end":{"line":649,"column":52}},"166":{"start":{"line":650,"column":8},"end":{"line":650,"column":49}},"167":{"start":{"line":658,"column":8},"end":{"line":658,"column":84}},"168":{"start":{"line":659,"column":8},"end":{"line":659,"column":63}},"169":{"start":{"line":660,"column":8},"end":{"line":660,"column":71}},"170":{"start":{"line":668,"column":8},"end":{"line":668,"column":87}},"171":{"start":{"line":669,"column":8},"end":{"line":669,"column":76}},"172":{"start":{"line":670,"column":8},"end":{"line":670,"column":86}},"173":{"start":{"line":678,"column":8},"end":{"line":678,"column":82}},"174":{"start":{"line":679,"column":8},"end":{"line":679,"column":72}},"175":{"start":{"line":680,"column":8},"end":{"line":680,"column":80}},"176":{"start":{"line":688,"column":8},"end":{"line":688,"column":79}},"177":{"start":{"line":689,"column":8},"end":{"line":689,"column":69}},"178":{"start":{"line":690,"column":8},"end":{"line":690,"column":77}},"179":{"start":{"line":698,"column":8},"end":{"line":698,"column":83}},"180":{"start":{"line":699,"column":8},"end":{"line":699,"column":79}},"181":{"start":{"line":700,"column":8},"end":{"line":700,"column":89}},"182":{"start":{"line":708,"column":8},"end":{"line":708,"column":100}},"183":{"start":{"line":709,"column":8},"end":{"line":709,"column":65}},"184":{"start":{"line":710,"column":8},"end":{"line":710,"column":76}},"185":{"start":{"line":718,"column":8},"end":{"line":718,"column":101}},"186":{"start":{"line":719,"column":8},"end":{"line":719,"column":67}},"187":{"start":{"line":720,"column":8},"end":{"line":720,"column":77}},"188":{"start":{"line":728,"column":8},"end":{"line":728,"column":63}},"189":{"start":{"line":736,"column":8},"end":{"line":736,"column":73}}},"branchMap":{"1":{"line":206,"type":"if","locations":[{"start":{"line":206,"column":8},"end":{"line":206,"column":8}},{"start":{"line":206,"column":8},"end":{"line":206,"column":8}}]},"2":{"line":236,"type":"if","locations":[{"start":{"line":236,"column":8},"end":{"line":236,"column":8}},{"start":{"line":236,"column":8},"end":{"line":236,"column":8}}]},"3":{"line":267,"type":"if","locations":[{"start":{"line":267,"column":8},"end":{"line":267,"column":8}},{"start":{"line":267,"column":8},"end":{"line":267,"column":8}}]},"4":{"line":323,"type":"if","locations":[{"start":{"line":323,"column":8},"end":{"line":323,"column":8}},{"start":{"line":323,"column":8},"end":{"line":323,"column":8}}]},"5":{"line":362,"type":"if","locations":[{"start":{"line":362,"column":8},"end":{"line":362,"column":8}},{"start":{"line":362,"column":8},"end":{"line":362,"column":8}}]},"6":{"line":365,"type":"if","locations":[{"start":{"line":365,"column":8},"end":{"line":365,"column":8}},{"start":{"line":365,"column":8},"end":{"line":365,"column":8}}]},"7":{"line":383,"type":"if","locations":[{"start":{"line":383,"column":8},"end":{"line":383,"column":8}},{"start":{"line":383,"column":8},"end":{"line":383,"column":8}}]},"8":{"line":390,"type":"if","locations":[{"start":{"line":390,"column":12},"end":{"line":390,"column":12}},{"start":{"line":390,"column":12},"end":{"line":390,"column":12}}]},"9":{"line":421,"type":"if","locations":[{"start":{"line":421,"column":12},"end":{"line":421,"column":12}},{"start":{"line":421,"column":12},"end":{"line":421,"column":12}}]},"10":{"line":438,"type":"if","locations":[{"start":{"line":438,"column":8},"end":{"line":438,"column":8}},{"start":{"line":438,"column":8},"end":{"line":438,"column":8}}]},"11":{"line":447,"type":"if","locations":[{"start":{"line":447,"column":8},"end":{"line":447,"column":8}},{"start":{"line":447,"column":8},"end":{"line":447,"column":8}}]},"12":{"line":455,"type":"if","locations":[{"start":{"line":455,"column":8},"end":{"line":455,"column":8}},{"start":{"line":455,"column":8},"end":{"line":455,"column":8}}]},"13":{"line":463,"type":"if","locations":[{"start":{"line":463,"column":8},"end":{"line":463,"column":8}},{"start":{"line":463,"column":8},"end":{"line":463,"column":8}}]},"14":{"line":471,"type":"if","locations":[{"start":{"line":471,"column":8},"end":{"line":471,"column":8}},{"start":{"line":471,"column":8},"end":{"line":471,"column":8}}]},"15":{"line":479,"type":"if","locations":[{"start":{"line":479,"column":8},"end":{"line":479,"column":8}},{"start":{"line":479,"column":8},"end":{"line":479,"column":8}}]},"16":{"line":487,"type":"if","locations":[{"start":{"line":487,"column":8},"end":{"line":487,"column":8}},{"start":{"line":487,"column":8},"end":{"line":487,"column":8}}]},"17":{"line":495,"type":"if","locations":[{"start":{"line":495,"column":8},"end":{"line":495,"column":8}},{"start":{"line":495,"column":8},"end":{"line":495,"column":8}}]}}},"contracts/facets/DiamondCutFacet.sol":{"l":{"27":11,"28":11},"path":"/Users/test/csigma-app/csigma-protocol/contracts/facets/DiamondCutFacet.sol","s":{"1":11,"2":11},"b":{},"f":{"1":11},"fnMap":{"1":{"name":"diamondCut","line":22,"loc":{"start":{"line":22,"column":4},"end":{"line":29,"column":4}}}},"statementMap":{"1":{"start":{"line":27,"column":8},"end":{"line":27,"column":42}},"2":{"start":{"line":28,"column":8},"end":{"line":28,"column":59}}},"branchMap":{}},"contracts/facets/DiamondLoupeFacet.sol":{"l":{"27":5,"28":5,"30":5,"32":5,"34":5,"36":5,"37":497,"38":497,"39":497,"41":497,"42":3657,"43":449,"44":449,"45":449,"46":449,"50":497,"51":449,"52":449,"55":48,"56":48,"57":48,"58":48,"59":48,"61":5,"62":48,"63":48,"65":48,"70":5,"79":18,"80":18,"81":18,"82":18,"84":18,"85":2586,"86":2586,"87":2586,"88":215,"89":215,"93":18,"101":2,"102":2,"104":2,"105":2,"107":2,"108":314,"109":314,"110":314,"112":314,"113":2425,"114":288,"115":288,"119":314,"120":288,"121":288,"124":26,"125":26,"128":2,"138":13,"139":13,"144":0,"145":0},"path":"/Users/test/csigma-app/csigma-protocol/contracts/facets/DiamondLoupeFacet.sol","s":{"1":5,"2":5,"3":5,"4":5,"5":5,"6":5,"7":497,"8":497,"9":497,"10":497,"11":3657,"12":449,"13":449,"14":497,"15":449,"16":48,"17":48,"18":48,"19":48,"20":5,"21":48,"22":48,"23":18,"24":18,"25":18,"26":18,"27":18,"28":2586,"29":2586,"30":2586,"31":215,"32":2,"33":2,"34":2,"35":2,"36":2,"37":314,"38":314,"39":314,"40":314,"41":2425,"42":288,"43":314,"44":288,"45":26,"46":13,"47":13,"48":0,"49":0},"b":{"1":[449,3208],"2":[449,48],"3":[215,2371],"4":[288,2137],"5":[288,26]},"f":{"1":5,"2":18,"3":2,"4":13,"5":0},"fnMap":{"1":{"name":"facets","line":26,"loc":{"start":{"line":26,"column":4},"end":{"line":73,"column":4}}},"2":{"name":"facetFunctionSelectors","line":78,"loc":{"start":{"line":78,"column":4},"end":{"line":96,"column":4}}},"3":{"name":"facetAddresses","line":100,"loc":{"start":{"line":100,"column":4},"end":{"line":131,"column":4}}},"4":{"name":"facetAddress","line":137,"loc":{"start":{"line":137,"column":4},"end":{"line":140,"column":4}}},"5":{"name":"supportsInterface","line":143,"loc":{"start":{"line":143,"column":4},"end":{"line":146,"column":4}}}},"statementMap":{"1":{"start":{"line":27,"column":8},"end":{"line":27,"column":74}},"2":{"start":{"line":28,"column":8},"end":{"line":28,"column":51}},"3":{"start":{"line":30,"column":8},"end":{"line":30,"column":43}},"4":{"start":{"line":32,"column":8},"end":{"line":32,"column":71}},"5":{"start":{"line":34,"column":8},"end":{"line":34,"column":25}},"6":{"start":{"line":36,"column":8},"end":{"line":36,"column":1676}},"7":{"start":{"line":37,"column":12},"end":{"line":37,"column":57}},"8":{"start":{"line":38,"column":12},"end":{"line":38,"column":93}},"9":{"start":{"line":39,"column":12},"end":{"line":39,"column":37}},"10":{"start":{"line":41,"column":12},"end":{"line":41,"column":2047}},"11":{"start":{"line":42,"column":16},"end":{"line":42,"column":2132}},"12":{"start":{"line":43,"column":20},"end":{"line":43,"column":98}},"13":{"start":{"line":45,"column":20},"end":{"line":45,"column":38}},"14":{"start":{"line":50,"column":12},"end":{"line":50,"column":2567}},"15":{"start":{"line":51,"column":16},"end":{"line":51,"column":35}},"16":{"start":{"line":55,"column":12},"end":{"line":55,"column":58}},"17":{"start":{"line":56,"column":12},"end":{"line":56,"column":77}},"18":{"start":{"line":57,"column":12},"end":{"line":57,"column":61}},"19":{"start":{"line":58,"column":12},"end":{"line":58,"column":43}},"20":{"start":{"line":61,"column":8},"end":{"line":61,"column":3020}},"21":{"start":{"line":62,"column":12},"end":{"line":62,"column":64}},"22":{"start":{"line":63,"column":12},"end":{"line":63,"column":77}},"23":{"start":{"line":79,"column":8},"end":{"line":79,"column":74}},"24":{"start":{"line":80,"column":8},"end":{"line":80,"column":51}},"25":{"start":{"line":81,"column":8},"end":{"line":81,"column":28}},"26":{"start":{"line":82,"column":8},"end":{"line":82,"column":60}},"27":{"start":{"line":84,"column":8},"end":{"line":84,"column":4094}},"28":{"start":{"line":85,"column":12},"end":{"line":85,"column":57}},"29":{"start":{"line":86,"column":12},"end":{"line":86,"column":93}},"30":{"start":{"line":87,"column":12},"end":{"line":87,"column":4342}},"31":{"start":{"line":88,"column":16},"end":{"line":88,"column":63}},"32":{"start":{"line":101,"column":8},"end":{"line":101,"column":74}},"33":{"start":{"line":102,"column":8},"end":{"line":102,"column":51}},"34":{"start":{"line":104,"column":8},"end":{"line":104,"column":53}},"35":{"start":{"line":105,"column":8},"end":{"line":105,"column":25}},"36":{"start":{"line":107,"column":8},"end":{"line":107,"column":5153}},"37":{"start":{"line":108,"column":12},"end":{"line":108,"column":57}},"38":{"start":{"line":109,"column":12},"end":{"line":109,"column":93}},"39":{"start":{"line":110,"column":12},"end":{"line":110,"column":37}},"40":{"start":{"line":112,"column":12},"end":{"line":112,"column":5533}},"41":{"start":{"line":113,"column":16},"end":{"line":113,"column":5618}},"42":{"start":{"line":114,"column":20},"end":{"line":114,"column":38}},"43":{"start":{"line":119,"column":12},"end":{"line":119,"column":5838}},"44":{"start":{"line":120,"column":16},"end":{"line":120,"column":35}},"45":{"start":{"line":124,"column":12},"end":{"line":124,"column":53}},"46":{"start":{"line":138,"column":8},"end":{"line":138,"column":74}},"47":{"start":{"line":139,"column":8},"end":{"line":139,"column":89}},"48":{"start":{"line":144,"column":8},"end":{"line":144,"column":74}},"49":{"start":{"line":145,"column":8},"end":{"line":145,"column":51}}},"branchMap":{"1":{"line":42,"type":"if","locations":[{"start":{"line":42,"column":16},"end":{"line":42,"column":16}},{"start":{"line":42,"column":16},"end":{"line":42,"column":16}}]},"2":{"line":50,"type":"if","locations":[{"start":{"line":50,"column":12},"end":{"line":50,"column":12}},{"start":{"line":50,"column":12},"end":{"line":50,"column":12}}]},"3":{"line":87,"type":"if","locations":[{"start":{"line":87,"column":12},"end":{"line":87,"column":12}},{"start":{"line":87,"column":12},"end":{"line":87,"column":12}}]},"4":{"line":113,"type":"if","locations":[{"start":{"line":113,"column":16},"end":{"line":113,"column":16}},{"start":{"line":113,"column":16},"end":{"line":113,"column":16}}]},"5":{"line":119,"type":"if","locations":[{"start":{"line":119,"column":12},"end":{"line":119,"column":12}},{"start":{"line":119,"column":12},"end":{"line":119,"column":12}}]}}},"contracts/facets/DistributeExtension.sol":{"l":{"40":102,"41":102,"49":35,"55":33,"56":33,"57":35,"59":33,"77":0,"78":0,"84":35,"85":35,"90":6,"91":6,"94":6,"100":33,"106":7,"107":6,"108":6,"131":33,"132":33,"133":33,"134":3,"136":30,"137":1,"139":29,"140":29,"141":29,"142":17,"147":28,"148":28,"149":0,"167":0,"173":2,"179":7,"194":32,"195":16,"215":1,"216":1,"217":1,"218":1,"219":1,"220":1,"222":0,"225":0},"path":"/Users/test/csigma-app/csigma-protocol/contracts/facets/DistributeExtension.sol","s":{"1":102,"2":35,"3":33,"4":33,"5":35,"6":33,"7":0,"8":0,"9":35,"10":35,"11":6,"12":6,"13":33,"14":7,"15":6,"16":6,"17":33,"18":33,"19":33,"20":30,"21":29,"22":29,"23":29,"24":17,"25":28,"26":28,"27":0,"28":2,"29":7,"30":32,"31":16,"32":1,"33":1,"34":1,"35":1,"36":1,"37":1,"38":0,"39":0},"b":{"1":[3,30],"2":[1,29],"3":[0,28],"4":[1,0],"5":[1,0]},"f":{"1":102,"2":35,"3":33,"4":0,"5":35,"6":6,"7":33,"8":7,"9":33,"10":28,"11":0,"12":2,"13":7,"14":32,"15":1},"fnMap":{"1":{"name":"diamondStorage","line":39,"loc":{"start":{"line":39,"column":4},"end":{"line":44,"column":4}}},"2":{"name":"encodePaymentInfo","line":48,"loc":{"start":{"line":48,"column":4},"end":{"line":50,"column":4}}},"3":{"name":"hashStruct","line":54,"loc":{"start":{"line":54,"column":4},"end":{"line":69,"column":4}}},"4":{"name":"authorizationState","line":76,"loc":{"start":{"line":76,"column":4},"end":{"line":79,"column":4}}},"5":{"name":"getDomainSeperator","line":83,"loc":{"start":{"line":83,"column":4},"end":{"line":86,"column":4}}},"6":{"name":"getChainId","line":89,"loc":{"start":{"line":89,"column":4},"end":{"line":95,"column":4}}},"7":{"name":"toTypedMessageHash","line":99,"loc":{"start":{"line":99,"column":4},"end":{"line":101,"column":4}}},"8":{"name":"setDomainSeperator","line":105,"loc":{"start":{"line":105,"column":4},"end":{"line":117,"column":4}}},"9":{"name":"withdrawPoolPaymentIntoVault","line":125,"loc":{"start":{"line":125,"column":4},"end":{"line":143,"column":4}}},"10":{"name":"enforceIsDistribute","line":146,"loc":{"start":{"line":146,"column":4},"end":{"line":151,"column":4}}},"11":{"name":"authorizationState","line":166,"loc":{"start":{"line":166,"column":4},"end":{"line":168,"column":4}}},"12":{"name":"getDomainSeperator","line":172,"loc":{"start":{"line":172,"column":4},"end":{"line":174,"column":4}}},"13":{"name":"setDomainSeperator","line":178,"loc":{"start":{"line":178,"column":4},"end":{"line":180,"column":4}}},"14":{"name":"withdrawPoolPaymentIntoVault","line":188,"loc":{"start":{"line":188,"column":4},"end":{"line":196,"column":4}}},"15":{"name":"withdrawPoolPaymentIntoWallet","line":207,"loc":{"start":{"line":207,"column":4},"end":{"line":227,"column":4}}}},"statementMap":{"1":{"start":{"line":40,"column":8},"end":{"line":40,"column":51}},"2":{"start":{"line":49,"column":8},"end":{"line":49,"column":95}},"3":{"start":{"line":55,"column":8},"end":{"line":55,"column":88}},"4":{"start":{"line":56,"column":8},"end":{"line":56,"column":2258}},"5":{"start":{"line":57,"column":12},"end":{"line":57,"column":88}},"6":{"start":{"line":59,"column":8},"end":{"line":59,"column":2432}},"7":{"start":{"line":77,"column":8},"end":{"line":77,"column":66}},"8":{"start":{"line":78,"column":8},"end":{"line":78,"column":58}},"9":{"start":{"line":84,"column":8},"end":{"line":84,"column":66}},"10":{"start":{"line":85,"column":8},"end":{"line":85,"column":46}},"11":{"start":{"line":90,"column":8},"end":{"line":90,"column":18}},"12":{"start":{"line":94,"column":8},"end":{"line":94,"column":17}},"13":{"start":{"line":100,"column":8},"end":{"line":100,"column":90}},"14":{"start":{"line":106,"column":8},"end":{"line":106,"column":48}},"15":{"start":{"line":107,"column":8},"end":{"line":107,"column":66}},"16":{"start":{"line":108,"column":8},"end":{"line":108,"column":4570}},"17":{"start":{"line":131,"column":8},"end":{"line":131,"column":66}},"18":{"start":{"line":132,"column":8},"end":{"line":132,"column":98}},"19":{"start":{"line":133,"column":8},"end":{"line":133,"column":5576}},"20":{"start":{"line":136,"column":8},"end":{"line":136,"column":5771}},"21":{"start":{"line":139,"column":8},"end":{"line":139,"column":65}},"22":{"start":{"line":140,"column":8},"end":{"line":140,"column":46}},"23":{"start":{"line":141,"column":8},"end":{"line":141,"column":82}},"24":{"start":{"line":142,"column":8},"end":{"line":142,"column":47}},"25":{"start":{"line":147,"column":8},"end":{"line":147,"column":66}},"26":{"start":{"line":148,"column":8},"end":{"line":148,"column":6350}},"27":{"start":{"line":167,"column":8},"end":{"line":167,"column":64}},"28":{"start":{"line":173,"column":8},"end":{"line":173,"column":49}},"29":{"start":{"line":179,"column":8},"end":{"line":179,"column":49}},"30":{"start":{"line":194,"column":8},"end":{"line":194,"column":80}},"31":{"start":{"line":195,"column":8},"end":{"line":195,"column":79}},"32":{"start":{"line":215,"column":8},"end":{"line":215,"column":80}},"33":{"start":{"line":216,"column":8},"end":{"line":216,"column":79}},"34":{"start":{"line":217,"column":8},"end":{"line":217,"column":86}},"35":{"start":{"line":218,"column":8},"end":{"line":218,"column":9597}},"36":{"start":{"line":219,"column":12},"end":{"line":219,"column":9632}},"37":{"start":{"line":220,"column":16},"end":{"line":220,"column":55}},"38":{"start":{"line":222,"column":16},"end":{"line":222,"column":73}},"39":{"start":{"line":225,"column":12},"end":{"line":225,"column":66}}},"branchMap":{"1":{"line":133,"type":"if","locations":[{"start":{"line":133,"column":8},"end":{"line":133,"column":8}},{"start":{"line":133,"column":8},"end":{"line":133,"column":8}}]},"2":{"line":136,"type":"if","locations":[{"start":{"line":136,"column":8},"end":{"line":136,"column":8}},{"start":{"line":136,"column":8},"end":{"line":136,"column":8}}]},"3":{"line":148,"type":"if","locations":[{"start":{"line":148,"column":8},"end":{"line":148,"column":8}},{"start":{"line":148,"column":8},"end":{"line":148,"column":8}}]},"4":{"line":218,"type":"if","locations":[{"start":{"line":218,"column":8},"end":{"line":218,"column":8}},{"start":{"line":218,"column":8},"end":{"line":218,"column":8}}]},"5":{"line":219,"type":"if","locations":[{"start":{"line":219,"column":12},"end":{"line":219,"column":12}},{"start":{"line":219,"column":12},"end":{"line":219,"column":12}}]}}},"contracts/facets/LenderFacet.sol":{"l":{"40":567,"41":567,"49":4,"50":4,"56":1,"57":1,"63":10,"64":10,"70":7,"71":7,"77":7,"78":7,"84":7,"85":7,"91":21,"92":21,"98":25,"99":25,"106":6,"107":6,"113":2,"114":2,"120":14,"121":14,"128":17,"129":17,"135":3,"136":2,"137":2,"138":2,"159":21,"160":20,"161":20,"162":2,"164":18,"165":18,"172":3,"173":2,"174":2,"175":0,"177":2,"185":4,"186":3,"187":2,"188":2,"196":4,"197":3,"198":2,"199":2,"207":4,"208":3,"209":2,"210":2,"218":4,"219":3,"220":2,"221":2,"229":18,"230":17,"231":16,"232":16,"240":22,"241":22,"242":22,"243":22,"251":8,"252":8,"253":8,"254":8,"255":3,"256":3,"257":3,"259":8,"267":91,"268":91,"269":91,"270":91,"278":2,"279":1,"280":1,"281":1,"282":1,"283":1,"284":1,"285":1,"288":1,"289":1,"297":2,"298":1,"299":1,"300":1,"301":0,"303":1,"308":116,"309":116,"310":5,"316":129,"317":129,"318":8,"324":32,"325":32,"326":6,"345":4,"351":1,"357":4,"363":3,"369":3,"375":3,"381":3,"387":3,"394":6,"400":2,"406":14,"413":17,"419":3,"440":21,"441":18,"448":3,"449":2,"457":4,"458":4,"459":2,"467":4,"468":4,"469":2,"477":4,"478":4,"479":2,"487":4,"488":4,"489":2,"497":18,"498":18,"499":16,"507":2,"515":2},"path":"/Users/test/csigma-app/csigma-protocol/contracts/facets/LenderFacet.sol","s":{"1":567,"2":4,"3":4,"4":1,"5":1,"6":10,"7":10,"8":7,"9":7,"10":7,"11":7,"12":7,"13":7,"14":21,"15":21,"16":25,"17":25,"18":6,"19":6,"20":2,"21":2,"22":14,"23":14,"24":17,"25":17,"26":3,"27":2,"28":2,"29":2,"30":21,"31":20,"32":20,"33":18,"34":18,"35":3,"36":2,"37":2,"38":4,"39":3,"40":2,"41":2,"42":4,"43":3,"44":2,"45":2,"46":4,"47":3,"48":2,"49":2,"50":4,"51":3,"52":2,"53":2,"54":18,"55":17,"56":16,"57":16,"58":22,"59":22,"60":22,"61":22,"62":8,"63":8,"64":8,"65":8,"66":3,"67":3,"68":3,"69":8,"70":91,"71":91,"72":91,"73":91,"74":2,"75":1,"76":1,"77":1,"78":1,"79":1,"80":1,"81":1,"82":1,"83":2,"84":1,"85":1,"86":1,"87":0,"88":1,"89":116,"90":116,"91":129,"92":129,"93":32,"94":32,"95":4,"96":1,"97":4,"98":3,"99":3,"100":3,"101":3,"102":3,"103":6,"104":2,"105":14,"106":17,"107":3,"108":21,"109":18,"110":3,"111":2,"112":4,"113":4,"114":2,"115":4,"116":4,"117":2,"118":4,"119":4,"120":2,"121":4,"122":4,"123":2,"124":18,"125":18,"126":16,"127":2,"128":2},"b":{"1":[2,18],"2":[0,2],"3":[3,5],"4":[1,0],"5":[0,1],"6":[5,111],"7":[8,121],"8":[6,26]},"f":{"1":567,"2":4,"3":1,"4":10,"5":7,"6":7,"7":7,"8":21,"9":25,"10":6,"11":2,"12":14,"13":17,"14":3,"15":21,"16":3,"17":4,"18":4,"19":4,"20":4,"21":18,"22":22,"23":8,"24":91,"25":2,"26":2,"27":116,"28":129,"29":32,"30":4,"31":1,"32":4,"33":3,"34":3,"35":3,"36":3,"37":3,"38":6,"39":2,"40":14,"41":17,"42":3,"43":21,"44":3,"45":4,"46":4,"47":4,"48":4,"49":18,"50":2,"51":2},"fnMap":{"1":{"name":"diamondStorage","line":39,"loc":{"start":{"line":39,"column":4},"end":{"line":44,"column":4}}},"2":{"name":"getLender","line":48,"loc":{"start":{"line":48,"column":4},"end":{"line":51,"column":4}}},"3":{"name":"getLenderUserId","line":55,"loc":{"start":{"line":55,"column":4},"end":{"line":58,"column":4}}},"4":{"name":"getLenderMetaHash","line":62,"loc":{"start":{"line":62,"column":4},"end":{"line":65,"column":4}}},"5":{"name":"getLenderCountry","line":69,"loc":{"start":{"line":69,"column":4},"end":{"line":72,"column":4}}},"6":{"name":"getLenderOnBoardTime","line":76,"loc":{"start":{"line":76,"column":4},"end":{"line":79,"column":4}}},"7":{"name":"getLenderWallet","line":83,"loc":{"start":{"line":83,"column":4},"end":{"line":86,"column":4}}},"8":{"name":"getLenderKYBStatus","line":90,"loc":{"start":{"line":90,"column":4},"end":{"line":93,"column":4}}},"9":{"name":"getPoolIdsLength","line":97,"loc":{"start":{"line":97,"column":4},"end":{"line":100,"column":4}}},"10":{"name":"getPoolId","line":105,"loc":{"start":{"line":105,"column":4},"end":{"line":108,"column":4}}},"11":{"name":"getPoolIds","line":112,"loc":{"start":{"line":112,"column":4},"end":{"line":115,"column":4}}},"12":{"name":"getPaymentIdsLength","line":119,"loc":{"start":{"line":119,"column":4},"end":{"line":122,"column":4}}},"13":{"name":"getPaymentId","line":127,"loc":{"start":{"line":127,"column":4},"end":{"line":130,"column":4}}},"14":{"name":"getMetadataURI","line":134,"loc":{"start":{"line":134,"column":4},"end":{"line":139,"column":4}}},"15":{"name":"createLender","line":150,"loc":{"start":{"line":150,"column":4},"end":{"line":166,"column":4}}},"16":{"name":"removeLender","line":171,"loc":{"start":{"line":171,"column":4},"end":{"line":178,"column":4}}},"17":{"name":"updateLenderHash","line":184,"loc":{"start":{"line":184,"column":4},"end":{"line":189,"column":4}}},"18":{"name":"updateLenderCountry","line":195,"loc":{"start":{"line":195,"column":4},"end":{"line":200,"column":4}}},"19":{"name":"updateLenderOnBoardTime","line":206,"loc":{"start":{"line":206,"column":4},"end":{"line":211,"column":4}}},"20":{"name":"updateLenderWallet","line":217,"loc":{"start":{"line":217,"column":4},"end":{"line":222,"column":4}}},"21":{"name":"updateLenderKYB","line":228,"loc":{"start":{"line":228,"column":4},"end":{"line":233,"column":4}}},"22":{"name":"addPoolId","line":239,"loc":{"start":{"line":239,"column":4},"end":{"line":244,"column":4}}},"23":{"name":"removePoolIdByIndex","line":250,"loc":{"start":{"line":250,"column":4},"end":{"line":260,"column":4}}},"24":{"name":"addPaymentId","line":266,"loc":{"start":{"line":266,"column":4},"end":{"line":271,"column":4}}},"25":{"name":"removePaymentId","line":277,"loc":{"start":{"line":277,"column":4},"end":{"line":290,"column":4}}},"26":{"name":"removePaymentIdByIndex","line":296,"loc":{"start":{"line":296,"column":4},"end":{"line":304,"column":4}}},"27":{"name":"enforceIsLender","line":307,"loc":{"start":{"line":307,"column":4},"end":{"line":312,"column":4}}},"28":{"name":"enforceIsLenderKYBVerified","line":315,"loc":{"start":{"line":315,"column":4},"end":{"line":320,"column":4}}},"29":{"name":"enforceIsLenderIdExist","line":323,"loc":{"start":{"line":323,"column":4},"end":{"line":328,"column":4}}},"30":{"name":"getLender","line":344,"loc":{"start":{"line":344,"column":4},"end":{"line":346,"column":4}}},"31":{"name":"getLenderUserId","line":350,"loc":{"start":{"line":350,"column":4},"end":{"line":352,"column":4}}},"32":{"name":"getLenderMetaHash","line":356,"loc":{"start":{"line":356,"column":4},"end":{"line":358,"column":4}}},"33":{"name":"getLenderCountry","line":362,"loc":{"start":{"line":362,"column":4},"end":{"line":364,"column":4}}},"34":{"name":"getLenderOnBoardTime","line":368,"loc":{"start":{"line":368,"column":4},"end":{"line":370,"column":4}}},"35":{"name":"getLenderWallet","line":374,"loc":{"start":{"line":374,"column":4},"end":{"line":376,"column":4}}},"36":{"name":"getLenderKYBStatus","line":380,"loc":{"start":{"line":380,"column":4},"end":{"line":382,"column":4}}},"37":{"name":"getLenderPoolIdsLength","line":386,"loc":{"start":{"line":386,"column":4},"end":{"line":388,"column":4}}},"38":{"name":"getLenderPoolId","line":393,"loc":{"start":{"line":393,"column":4},"end":{"line":395,"column":4}}},"39":{"name":"getLenderPoolIds","line":399,"loc":{"start":{"line":399,"column":4},"end":{"line":401,"column":4}}},"40":{"name":"getLenderPaymentIdsLength","line":405,"loc":{"start":{"line":405,"column":4},"end":{"line":407,"column":4}}},"41":{"name":"getLenderPaymentId","line":412,"loc":{"start":{"line":412,"column":4},"end":{"line":414,"column":4}}},"42":{"name":"getLenderMetadataURI","line":418,"loc":{"start":{"line":418,"column":4},"end":{"line":420,"column":4}}},"43":{"name":"createLender","line":431,"loc":{"start":{"line":431,"column":4},"end":{"line":442,"column":4}}},"44":{"name":"deleteLender","line":447,"loc":{"start":{"line":447,"column":4},"end":{"line":450,"column":4}}},"45":{"name":"updateLenderHash","line":456,"loc":{"start":{"line":456,"column":4},"end":{"line":460,"column":4}}},"46":{"name":"updateLenderCountry","line":466,"loc":{"start":{"line":466,"column":4},"end":{"line":470,"column":4}}},"47":{"name":"updateLenderOnBoardTime","line":476,"loc":{"start":{"line":476,"column":4},"end":{"line":480,"column":4}}},"48":{"name":"updateLenderWallet","line":486,"loc":{"start":{"line":486,"column":4},"end":{"line":490,"column":4}}},"49":{"name":"updateLenderKYB","line":496,"loc":{"start":{"line":496,"column":4},"end":{"line":500,"column":4}}},"50":{"name":"removeLenderPaymentId","line":506,"loc":{"start":{"line":506,"column":4},"end":{"line":508,"column":4}}},"51":{"name":"removeLenderPaymentIdByIndex","line":514,"loc":{"start":{"line":514,"column":4},"end":{"line":516,"column":4}}}},"statementMap":{"1":{"start":{"line":40,"column":8},"end":{"line":40,"column":51}},"2":{"start":{"line":49,"column":8},"end":{"line":49,"column":58}},"3":{"start":{"line":50,"column":8},"end":{"line":50,"column":45}},"4":{"start":{"line":56,"column":8},"end":{"line":56,"column":58}},"5":{"start":{"line":57,"column":8},"end":{"line":57,"column":52}},"6":{"start":{"line":63,"column":8},"end":{"line":63,"column":58}},"7":{"start":{"line":64,"column":8},"end":{"line":64,"column":54}},"8":{"start":{"line":70,"column":8},"end":{"line":70,"column":58}},"9":{"start":{"line":71,"column":8},"end":{"line":71,"column":53}},"10":{"start":{"line":77,"column":8},"end":{"line":77,"column":58}},"11":{"start":{"line":78,"column":8},"end":{"line":78,"column":57}},"12":{"start":{"line":84,"column":8},"end":{"line":84,"column":58}},"13":{"start":{"line":85,"column":8},"end":{"line":85,"column":52}},"14":{"start":{"line":91,"column":8},"end":{"line":91,"column":58}},"15":{"start":{"line":92,"column":8},"end":{"line":92,"column":52}},"16":{"start":{"line":98,"column":8},"end":{"line":98,"column":58}},"17":{"start":{"line":99,"column":8},"end":{"line":99,"column":60}},"18":{"start":{"line":106,"column":8},"end":{"line":106,"column":58}},"19":{"start":{"line":107,"column":8},"end":{"line":107,"column":61}},"20":{"start":{"line":113,"column":8},"end":{"line":113,"column":58}},"21":{"start":{"line":114,"column":8},"end":{"line":114,"column":53}},"22":{"start":{"line":120,"column":8},"end":{"line":120,"column":58}},"23":{"start":{"line":121,"column":8},"end":{"line":121,"column":63}},"24":{"start":{"line":128,"column":8},"end":{"line":128,"column":58}},"25":{"start":{"line":129,"column":8},"end":{"line":129,"column":64}},"26":{"start":{"line":135,"column":8},"end":{"line":135,"column":40}},"27":{"start":{"line":136,"column":8},"end":{"line":136,"column":57}},"28":{"start":{"line":137,"column":8},"end":{"line":137,"column":62}},"29":{"start":{"line":138,"column":8},"end":{"line":138,"column":105}},"30":{"start":{"line":159,"column":8},"end":{"line":159,"column":48}},"31":{"start":{"line":160,"column":8},"end":{"line":160,"column":58}},"32":{"start":{"line":161,"column":8},"end":{"line":161,"column":6937}},"33":{"start":{"line":164,"column":8},"end":{"line":164,"column":153}},"34":{"start":{"line":165,"column":8},"end":{"line":165,"column":45}},"35":{"start":{"line":172,"column":8},"end":{"line":172,"column":48}},"36":{"start":{"line":173,"column":8},"end":{"line":173,"column":58}},"37":{"start":{"line":174,"column":8},"end":{"line":174,"column":7661}},"38":{"start":{"line":185,"column":8},"end":{"line":185,"column":46}},"39":{"start":{"line":186,"column":8},"end":{"line":186,"column":40}},"40":{"start":{"line":187,"column":8},"end":{"line":187,"column":58}},"41":{"start":{"line":188,"column":8},"end":{"line":188,"column":54}},"42":{"start":{"line":196,"column":8},"end":{"line":196,"column":46}},"43":{"start":{"line":197,"column":8},"end":{"line":197,"column":40}},"44":{"start":{"line":198,"column":8},"end":{"line":198,"column":58}},"45":{"start":{"line":199,"column":8},"end":{"line":199,"column":56}},"46":{"start":{"line":207,"column":8},"end":{"line":207,"column":46}},"47":{"start":{"line":208,"column":8},"end":{"line":208,"column":40}},"48":{"start":{"line":209,"column":8},"end":{"line":209,"column":58}},"49":{"start":{"line":210,"column":8},"end":{"line":210,"column":64}},"50":{"start":{"line":218,"column":8},"end":{"line":218,"column":46}},"51":{"start":{"line":219,"column":8},"end":{"line":219,"column":40}},"52":{"start":{"line":220,"column":8},"end":{"line":220,"column":58}},"53":{"start":{"line":221,"column":8},"end":{"line":221,"column":54}},"54":{"start":{"line":229,"column":8},"end":{"line":229,"column":46}},"55":{"start":{"line":230,"column":8},"end":{"line":230,"column":40}},"56":{"start":{"line":231,"column":8},"end":{"line":231,"column":58}},"57":{"start":{"line":232,"column":8},"end":{"line":232,"column":54}},"58":{"start":{"line":240,"column":8},"end":{"line":240,"column":42}},"59":{"start":{"line":241,"column":8},"end":{"line":241,"column":58}},"60":{"start":{"line":242,"column":8},"end":{"line":242,"column":62}},"61":{"start":{"line":243,"column":8},"end":{"line":243,"column":35}},"62":{"start":{"line":251,"column":8},"end":{"line":251,"column":42}},"63":{"start":{"line":252,"column":8},"end":{"line":252,"column":58}},"64":{"start":{"line":253,"column":8},"end":{"line":253,"column":62}},"65":{"start":{"line":254,"column":8},"end":{"line":254,"column":11854}},"66":{"start":{"line":255,"column":12},"end":{"line":255,"column":81}},"67":{"start":{"line":256,"column":12},"end":{"line":256,"column":62}},"68":{"start":{"line":257,"column":12},"end":{"line":257,"column":80}},"69":{"start":{"line":259,"column":8},"end":{"line":259,"column":27}},"70":{"start":{"line":267,"column":8},"end":{"line":267,"column":32}},"71":{"start":{"line":268,"column":8},"end":{"line":268,"column":58}},"72":{"start":{"line":269,"column":8},"end":{"line":269,"column":62}},"73":{"start":{"line":270,"column":8},"end":{"line":270,"column":41}},"74":{"start":{"line":278,"column":8},"end":{"line":278,"column":48}},"75":{"start":{"line":279,"column":8},"end":{"line":279,"column":58}},"76":{"start":{"line":280,"column":8},"end":{"line":280,"column":62}},"77":{"start":{"line":281,"column":8},"end":{"line":281,"column":21}},"78":{"start":{"line":282,"column":8},"end":{"line":282,"column":13343}},"79":{"start":{"line":283,"column":12},"end":{"line":283,"column":13416}},"80":{"start":{"line":284,"column":16},"end":{"line":284,"column":24}},"81":{"start":{"line":288,"column":8},"end":{"line":288,"column":81}},"82":{"start":{"line":289,"column":8},"end":{"line":289,"column":30}},"83":{"start":{"line":297,"column":8},"end":{"line":297,"column":48}},"84":{"start":{"line":298,"column":8},"end":{"line":298,"column":58}},"85":{"start":{"line":299,"column":8},"end":{"line":299,"column":62}},"86":{"start":{"line":300,"column":8},"end":{"line":300,"column":14271}},"87":{"start":{"line":301,"column":12},"end":{"line":301,"column":93}},"88":{"start":{"line":303,"column":8},"end":{"line":303,"column":30}},"89":{"start":{"line":308,"column":8},"end":{"line":308,"column":58}},"90":{"start":{"line":309,"column":8},"end":{"line":309,"column":14666}},"91":{"start":{"line":316,"column":8},"end":{"line":316,"column":58}},"92":{"start":{"line":317,"column":8},"end":{"line":317,"column":15027}},"93":{"start":{"line":324,"column":8},"end":{"line":324,"column":58}},"94":{"start":{"line":325,"column":8},"end":{"line":325,"column":15355}},"95":{"start":{"line":345,"column":8},"end":{"line":345,"column":45}},"96":{"start":{"line":351,"column":8},"end":{"line":351,"column":51}},"97":{"start":{"line":357,"column":8},"end":{"line":357,"column":53}},"98":{"start":{"line":363,"column":8},"end":{"line":363,"column":52}},"99":{"start":{"line":369,"column":8},"end":{"line":369,"column":56}},"100":{"start":{"line":375,"column":8},"end":{"line":375,"column":51}},"101":{"start":{"line":381,"column":8},"end":{"line":381,"column":54}},"102":{"start":{"line":387,"column":8},"end":{"line":387,"column":52}},"103":{"start":{"line":394,"column":8},"end":{"line":394,"column":53}},"104":{"start":{"line":400,"column":8},"end":{"line":400,"column":46}},"105":{"start":{"line":406,"column":8},"end":{"line":406,"column":55}},"106":{"start":{"line":413,"column":8},"end":{"line":413,"column":56}},"107":{"start":{"line":419,"column":8},"end":{"line":419,"column":50}},"108":{"start":{"line":440,"column":8},"end":{"line":440,"column":136}},"109":{"start":{"line":441,"column":8},"end":{"line":441,"column":38}},"110":{"start":{"line":448,"column":8},"end":{"line":448,"column":40}},"111":{"start":{"line":449,"column":8},"end":{"line":449,"column":41}},"112":{"start":{"line":457,"column":8},"end":{"line":457,"column":72}},"113":{"start":{"line":458,"column":8},"end":{"line":458,"column":51}},"114":{"start":{"line":459,"column":8},"end":{"line":459,"column":63}},"115":{"start":{"line":467,"column":8},"end":{"line":467,"column":74}},"116":{"start":{"line":468,"column":8},"end":{"line":468,"column":57}},"117":{"start":{"line":469,"column":8},"end":{"line":469,"column":72}},"118":{"start":{"line":477,"column":8},"end":{"line":477,"column":68}},"119":{"start":{"line":478,"column":8},"end":{"line":478,"column":65}},"120":{"start":{"line":479,"column":8},"end":{"line":479,"column":77}},"121":{"start":{"line":487,"column":8},"end":{"line":487,"column":66}},"122":{"start":{"line":488,"column":8},"end":{"line":488,"column":55}},"123":{"start":{"line":489,"column":8},"end":{"line":489,"column":69}},"124":{"start":{"line":497,"column":8},"end":{"line":497,"column":81}},"125":{"start":{"line":498,"column":8},"end":{"line":498,"column":52}},"126":{"start":{"line":499,"column":8},"end":{"line":499,"column":66}},"127":{"start":{"line":507,"column":8},"end":{"line":507,"column":55}},"128":{"start":{"line":515,"column":8},"end":{"line":515,"column":65}}},"branchMap":{"1":{"line":161,"type":"if","locations":[{"start":{"line":161,"column":8},"end":{"line":161,"column":8}},{"start":{"line":161,"column":8},"end":{"line":161,"column":8}}]},"2":{"line":174,"type":"if","locations":[{"start":{"line":174,"column":8},"end":{"line":174,"column":8}},{"start":{"line":174,"column":8},"end":{"line":174,"column":8}}]},"3":{"line":254,"type":"if","locations":[{"start":{"line":254,"column":8},"end":{"line":254,"column":8}},{"start":{"line":254,"column":8},"end":{"line":254,"column":8}}]},"4":{"line":283,"type":"if","locations":[{"start":{"line":283,"column":12},"end":{"line":283,"column":12}},{"start":{"line":283,"column":12},"end":{"line":283,"column":12}}]},"5":{"line":300,"type":"if","locations":[{"start":{"line":300,"column":8},"end":{"line":300,"column":8}},{"start":{"line":300,"column":8},"end":{"line":300,"column":8}}]},"6":{"line":309,"type":"if","locations":[{"start":{"line":309,"column":8},"end":{"line":309,"column":8}},{"start":{"line":309,"column":8},"end":{"line":309,"column":8}}]},"7":{"line":317,"type":"if","locations":[{"start":{"line":317,"column":8},"end":{"line":317,"column":8}},{"start":{"line":317,"column":8},"end":{"line":317,"column":8}}]},"8":{"line":325,"type":"if","locations":[{"start":{"line":325,"column":8},"end":{"line":325,"column":8}},{"start":{"line":325,"column":8},"end":{"line":325,"column":8}}]}}},"contracts/facets/MetadataFacet.sol":{"l":{"17":30,"18":30,"25":19,"26":19,"33":12,"34":11,"35":11,"45":1,"52":12,"53":12,"54":11},"path":"/Users/test/csigma-app/csigma-protocol/contracts/facets/MetadataFacet.sol","s":{"1":30,"2":19,"3":19,"4":12,"5":11,"6":11,"7":1,"8":12,"9":12,"10":11},"b":{},"f":{"1":30,"2":19,"3":12,"4":1,"5":12},"fnMap":{"1":{"name":"diamondStorage","line":16,"loc":{"start":{"line":16,"column":4},"end":{"line":21,"column":4}}},"2":{"name":"getBaseURI","line":24,"loc":{"start":{"line":24,"column":4},"end":{"line":27,"column":4}}},"3":{"name":"updateBaseURI","line":32,"loc":{"start":{"line":32,"column":4},"end":{"line":36,"column":4}}},"4":{"name":"getBaseURI","line":44,"loc":{"start":{"line":44,"column":4},"end":{"line":46,"column":4}}},"5":{"name":"updateBaseURI","line":51,"loc":{"start":{"line":51,"column":4},"end":{"line":55,"column":4}}}},"statementMap":{"1":{"start":{"line":17,"column":8},"end":{"line":17,"column":51}},"2":{"start":{"line":25,"column":8},"end":{"line":25,"column":62}},"3":{"start":{"line":26,"column":8},"end":{"line":26,"column":36}},"4":{"start":{"line":33,"column":8},"end":{"line":33,"column":48}},"5":{"start":{"line":34,"column":8},"end":{"line":34,"column":62}},"6":{"start":{"line":35,"column":8},"end":{"line":35,"column":39}},"7":{"start":{"line":45,"column":8},"end":{"line":45,"column":39}},"8":{"start":{"line":52,"column":8},"end":{"line":52,"column":61}},"9":{"start":{"line":53,"column":8},"end":{"line":53,"column":42}},"10":{"start":{"line":54,"column":8},"end":{"line":54,"column":50}}},"branchMap":{}},"contracts/facets/OwnershipFacet.sol":{"l":{"13":2,"14":1,"19":2},"path":"/Users/test/csigma-app/csigma-protocol/contracts/facets/OwnershipFacet.sol","s":{"1":2,"2":1,"3":2},"b":{},"f":{"1":2,"2":2},"fnMap":{"1":{"name":"transferOwnership","line":12,"loc":{"start":{"line":12,"column":4},"end":{"line":15,"column":4}}},"2":{"name":"owner","line":18,"loc":{"start":{"line":18,"column":4},"end":{"line":20,"column":4}}}},"statementMap":{"1":{"start":{"line":13,"column":8},"end":{"line":13,"column":42}},"2":{"start":{"line":14,"column":8},"end":{"line":14,"column":45}},"3":{"start":{"line":19,"column":8},"end":{"line":19,"column":42}}},"branchMap":{}},"contracts/facets/PaymentFacet.sol":{"l":{"44":157,"45":157,"53":27,"54":27,"59":2,"60":2,"79":128,"80":128,"81":128,"82":128,"83":128,"84":128,"85":128,"94":27,"99":2},"path":"/Users/test/csigma-app/csigma-protocol/contracts/facets/PaymentFacet.sol","s":{"1":157,"2":27,"3":27,"4":2,"5":2,"6":128,"7":128,"8":128,"9":128,"10":128,"11":128,"12":27,"13":2},"b":{},"f":{"1":157,"2":27,"3":2,"4":128,"5":27,"6":2},"fnMap":{"1":{"name":"diamondStorage","line":43,"loc":{"start":{"line":43,"column":4},"end":{"line":48,"column":4}}},"2":{"name":"getPayment","line":52,"loc":{"start":{"line":52,"column":4},"end":{"line":55,"column":4}}},"3":{"name":"getLastPaymentId","line":58,"loc":{"start":{"line":58,"column":4},"end":{"line":61,"column":4}}},"4":{"name":"addPayment","line":71,"loc":{"start":{"line":71,"column":4},"end":{"line":86,"column":4}}},"5":{"name":"getPayment","line":93,"loc":{"start":{"line":93,"column":4},"end":{"line":95,"column":4}}},"6":{"name":"getLastPaymentId","line":98,"loc":{"start":{"line":98,"column":4},"end":{"line":100,"column":4}}}},"statementMap":{"1":{"start":{"line":44,"column":8},"end":{"line":44,"column":51}},"2":{"start":{"line":53,"column":8},"end":{"line":53,"column":60}},"3":{"start":{"line":54,"column":8},"end":{"line":54,"column":48}},"4":{"start":{"line":59,"column":8},"end":{"line":59,"column":60}},"5":{"start":{"line":60,"column":8},"end":{"line":60,"column":37}},"6":{"start":{"line":79,"column":8},"end":{"line":79,"column":32}},"7":{"start":{"line":80,"column":8},"end":{"line":80,"column":60}},"8":{"start":{"line":82,"column":8},"end":{"line":82,"column":75}},"9":{"start":{"line":83,"column":8},"end":{"line":83,"column":127}},"10":{"start":{"line":84,"column":8},"end":{"line":84,"column":60}},"11":{"start":{"line":85,"column":8},"end":{"line":85,"column":25}},"12":{"start":{"line":94,"column":8},"end":{"line":94,"column":48}},"13":{"start":{"line":99,"column":8},"end":{"line":99,"column":44}}},"branchMap":{}},"contracts/facets/PoolManagerFacet.sol":{"l":{"40":383,"41":383,"49":4,"50":4,"56":1,"57":1,"63":10,"64":10,"70":7,"71":7,"77":7,"78":7,"84":7,"85":7,"91":13,"92":13,"98":39,"99":39,"106":15,"107":15,"113":1,"114":1,"120":4,"121":4,"128":4,"129":4,"135":3,"136":2,"137":2,"138":2,"159":15,"160":14,"161":14,"162":2,"164":12,"165":12,"172":3,"173":2,"174":2,"175":0,"177":2,"185":4,"186":3,"187":2,"188":2,"196":4,"197":3,"198":2,"199":2,"207":4,"208":3,"209":2,"210":2,"218":4,"219":3,"220":2,"221":2,"229":10,"230":9,"231":8,"232":8,"240":36,"241":36,"242":36,"243":36,"251":7,"252":7,"253":7,"254":7,"255":2,"256":2,"257":2,"259":7,"267":31,"268":31,"269":31,"270":31,"278":2,"279":1,"280":1,"281":1,"282":1,"283":1,"284":1,"285":1,"288":1,"289":1,"297":2,"298":1,"299":1,"300":1,"301":0,"303":1,"308":46,"309":46,"310":2,"316":93,"317":93,"318":4,"324":24,"325":24,"326":6,"345":4,"351":1,"357":4,"363":3,"369":3,"375":3,"381":3,"387":3,"394":15,"400":1,"406":4,"413":4,"419":3,"440":15,"441":12,"448":3,"449":2,"457":4,"458":4,"459":2,"467":4,"468":4,"469":2,"477":4,"478":4,"479":2,"487":4,"488":4,"489":2,"497":10,"498":10,"499":8,"507":2,"515":2},"path":"/Users/test/csigma-app/csigma-protocol/contracts/facets/PoolManagerFacet.sol","s":{"1":383,"2":4,"3":4,"4":1,"5":1,"6":10,"7":10,"8":7,"9":7,"10":7,"11":7,"12":7,"13":7,"14":13,"15":13,"16":39,"17":39,"18":15,"19":15,"20":1,"21":1,"22":4,"23":4,"24":4,"25":4,"26":3,"27":2,"28":2,"29":2,"30":15,"31":14,"32":14,"33":12,"34":12,"35":3,"36":2,"37":2,"38":4,"39":3,"40":2,"41":2,"42":4,"43":3,"44":2,"45":2,"46":4,"47":3,"48":2,"49":2,"50":4,"51":3,"52":2,"53":2,"54":10,"55":9,"56":8,"57":8,"58":36,"59":36,"60":36,"61":36,"62":7,"63":7,"64":7,"65":7,"66":2,"67":2,"68":2,"69":7,"70":31,"71":31,"72":31,"73":31,"74":2,"75":1,"76":1,"77":1,"78":1,"79":1,"80":1,"81":1,"82":1,"83":2,"84":1,"85":1,"86":1,"87":0,"88":1,"89":46,"90":46,"91":93,"92":93,"93":24,"94":24,"95":4,"96":1,"97":4,"98":3,"99":3,"100":3,"101":3,"102":3,"103":15,"104":1,"105":4,"106":4,"107":3,"108":15,"109":12,"110":3,"111":2,"112":4,"113":4,"114":2,"115":4,"116":4,"117":2,"118":4,"119":4,"120":2,"121":4,"122":4,"123":2,"124":10,"125":10,"126":8,"127":2,"128":2},"b":{"1":[2,12],"2":[0,2],"3":[2,5],"4":[1,0],"5":[0,1],"6":[2,44],"7":[4,89],"8":[6,18]},"f":{"1":383,"2":4,"3":1,"4":10,"5":7,"6":7,"7":7,"8":13,"9":39,"10":15,"11":1,"12":4,"13":4,"14":3,"15":15,"16":3,"17":4,"18":4,"19":4,"20":4,"21":10,"22":36,"23":7,"24":31,"25":2,"26":2,"27":46,"28":93,"29":24,"30":4,"31":1,"32":4,"33":3,"34":3,"35":3,"36":3,"37":3,"38":15,"39":1,"40":4,"41":4,"42":3,"43":15,"44":3,"45":4,"46":4,"47":4,"48":4,"49":10,"50":2,"51":2},"fnMap":{"1":{"name":"diamondStorage","line":39,"loc":{"start":{"line":39,"column":4},"end":{"line":44,"column":4}}},"2":{"name":"getPoolManager","line":48,"loc":{"start":{"line":48,"column":4},"end":{"line":51,"column":4}}},"3":{"name":"getPoolManagerUserId","line":55,"loc":{"start":{"line":55,"column":4},"end":{"line":58,"column":4}}},"4":{"name":"getPoolManagerMetaHash","line":62,"loc":{"start":{"line":62,"column":4},"end":{"line":65,"column":4}}},"5":{"name":"getPoolManagerCountry","line":69,"loc":{"start":{"line":69,"column":4},"end":{"line":72,"column":4}}},"6":{"name":"getPoolManagerOnBoardTime","line":76,"loc":{"start":{"line":76,"column":4},"end":{"line":79,"column":4}}},"7":{"name":"getPoolManagerWallet","line":83,"loc":{"start":{"line":83,"column":4},"end":{"line":86,"column":4}}},"8":{"name":"getPoolManagerKYBStatus","line":90,"loc":{"start":{"line":90,"column":4},"end":{"line":93,"column":4}}},"9":{"name":"getPoolIdsLength","line":97,"loc":{"start":{"line":97,"column":4},"end":{"line":100,"column":4}}},"10":{"name":"getPoolId","line":105,"loc":{"start":{"line":105,"column":4},"end":{"line":108,"column":4}}},"11":{"name":"getPoolIds","line":112,"loc":{"start":{"line":112,"column":4},"end":{"line":115,"column":4}}},"12":{"name":"getPaymentIdsLength","line":119,"loc":{"start":{"line":119,"column":4},"end":{"line":122,"column":4}}},"13":{"name":"getPaymentId","line":127,"loc":{"start":{"line":127,"column":4},"end":{"line":130,"column":4}}},"14":{"name":"getMetadataURI","line":134,"loc":{"start":{"line":134,"column":4},"end":{"line":139,"column":4}}},"15":{"name":"createPoolManager","line":150,"loc":{"start":{"line":150,"column":4},"end":{"line":166,"column":4}}},"16":{"name":"removePoolManager","line":171,"loc":{"start":{"line":171,"column":4},"end":{"line":178,"column":4}}},"17":{"name":"updatePoolManagerHash","line":184,"loc":{"start":{"line":184,"column":4},"end":{"line":189,"column":4}}},"18":{"name":"updatePoolManagerCountry","line":195,"loc":{"start":{"line":195,"column":4},"end":{"line":200,"column":4}}},"19":{"name":"updatePoolManagerOnBoardTime","line":206,"loc":{"start":{"line":206,"column":4},"end":{"line":211,"column":4}}},"20":{"name":"updatePoolManagerWallet","line":217,"loc":{"start":{"line":217,"column":4},"end":{"line":222,"column":4}}},"21":{"name":"updatePoolManagerKYB","line":228,"loc":{"start":{"line":228,"column":4},"end":{"line":233,"column":4}}},"22":{"name":"addPoolId","line":239,"loc":{"start":{"line":239,"column":4},"end":{"line":244,"column":4}}},"23":{"name":"removePoolIdByIndex","line":250,"loc":{"start":{"line":250,"column":4},"end":{"line":260,"column":4}}},"24":{"name":"addPaymentId","line":266,"loc":{"start":{"line":266,"column":4},"end":{"line":271,"column":4}}},"25":{"name":"removePaymentId","line":277,"loc":{"start":{"line":277,"column":4},"end":{"line":290,"column":4}}},"26":{"name":"removePaymentIdByIndex","line":296,"loc":{"start":{"line":296,"column":4},"end":{"line":304,"column":4}}},"27":{"name":"enforceIsPoolManager","line":307,"loc":{"start":{"line":307,"column":4},"end":{"line":312,"column":4}}},"28":{"name":"enforceIsPoolManagerKYBVerified","line":315,"loc":{"start":{"line":315,"column":4},"end":{"line":320,"column":4}}},"29":{"name":"enforceIsPoolManagerIdExist","line":323,"loc":{"start":{"line":323,"column":4},"end":{"line":328,"column":4}}},"30":{"name":"getPoolManager","line":344,"loc":{"start":{"line":344,"column":4},"end":{"line":346,"column":4}}},"31":{"name":"getPoolManagerUserId","line":350,"loc":{"start":{"line":350,"column":4},"end":{"line":352,"column":4}}},"32":{"name":"getPoolManagerMetaHash","line":356
[...]
column":56}},"144":{"start":{"line":418,"column":8},"end":{"line":418,"column":18527}},"145":{"start":{"line":421,"column":8},"end":{"line":421,"column":36}},"146":{"start":{"line":422,"column":8},"end":{"line":422,"column":146}},"147":{"start":{"line":423,"column":8},"end":{"line":423,"column":18840}},"148":{"start":{"line":427,"column":12},"end":{"line":427,"column":19032}},"149":{"start":{"line":435,"column":12},"end":{"line":435,"column":59}},"150":{"start":{"line":436,"column":12},"end":{"line":436,"column":58}},"151":{"start":{"line":437,"column":12},"end":{"line":437,"column":54}},"152":{"start":{"line":438,"column":12},"end":{"line":438,"column":64}},"153":{"start":{"line":439,"column":12},"end":{"line":439,"column":88}},"154":{"start":{"line":440,"column":12},"end":{"line":440,"column":59}},"155":{"start":{"line":441,"column":12},"end":{"line":441,"column":30}},"156":{"start":{"line":443,"column":12},"end":{"line":443,"column":19739}},"157":{"start":{"line":446,"column":12},"end":{"line":446,"column":58}},"158":{"start":{"line":447,"column":12},"end":{"line":447,"column":104}},"159":{"start":{"line":448,"column":12},"end":{"line":448,"column":78}},"160":{"start":{"line":450,"column":8},"end":{"line":450,"column":37}},"161":{"start":{"line":458,"column":8},"end":{"line":458,"column":50}},"162":{"start":{"line":459,"column":8},"end":{"line":459,"column":56}},"163":{"start":{"line":460,"column":8},"end":{"line":460,"column":20645}},"164":{"start":{"line":463,"column":8},"end":{"line":463,"column":64}},"165":{"start":{"line":464,"column":8},"end":{"line":464,"column":20852}},"166":{"start":{"line":465,"column":12},"end":{"line":465,"column":74}},"167":{"start":{"line":466,"column":12},"end":{"line":466,"column":61}},"168":{"start":{"line":467,"column":12},"end":{"line":467,"column":40}},"169":{"start":{"line":468,"column":12},"end":{"line":468,"column":21071}},"170":{"start":{"line":476,"column":12},"end":{"line":476,"column":67}},"171":{"start":{"line":477,"column":12},"end":{"line":477,"column":66}},"172":{"start":{"line":478,"column":12},"end":{"line":478,"column":41}},"173":{"start":{"line":479,"column":12},"end":{"line":479,"column":70}},"174":{"start":{"line":480,"column":12},"end":{"line":480,"column":72}},"175":{"start":{"line":481,"column":12},"end":{"line":481,"column":72}},"176":{"start":{"line":483,"column":8},"end":{"line":483,"column":62}},"177":{"start":{"line":484,"column":8},"end":{"line":484,"column":21829}},"178":{"start":{"line":485,"column":12},"end":{"line":485,"column":78}},"179":{"start":{"line":486,"column":12},"end":{"line":486,"column":104}},"180":{"start":{"line":488,"column":8},"end":{"line":488,"column":32}},"181":{"start":{"line":501,"column":8},"end":{"line":501,"column":72}},"182":{"start":{"line":502,"column":8},"end":{"line":502,"column":51}},"183":{"start":{"line":503,"column":8},"end":{"line":503,"column":62}},"184":{"start":{"line":504,"column":8},"end":{"line":504,"column":49}},"185":{"start":{"line":505,"column":8},"end":{"line":505,"column":56}},"186":{"start":{"line":506,"column":8},"end":{"line":506,"column":23}},"187":{"start":{"line":507,"column":8},"end":{"line":507,"column":36}},"188":{"start":{"line":508,"column":8},"end":{"line":508,"column":60}},"189":{"start":{"line":509,"column":8},"end":{"line":509,"column":23027}},"190":{"start":{"line":510,"column":12},"end":{"line":510,"column":88}},"191":{"start":{"line":511,"column":12},"end":{"line":511,"column":23181}},"192":{"start":{"line":518,"column":12},"end":{"line":518,"column":36}},"193":{"start":{"line":519,"column":12},"end":{"line":519,"column":23581}},"194":{"start":{"line":520,"column":16},"end":{"line":520,"column":159}},"195":{"start":{"line":521,"column":16},"end":{"line":521,"column":94}},"196":{"start":{"line":522,"column":16},"end":{"line":522,"column":57}},"197":{"start":{"line":524,"column":16},"end":{"line":524,"column":147}},"198":{"start":{"line":525,"column":16},"end":{"line":525,"column":48}},"199":{"start":{"line":527,"column":12},"end":{"line":527,"column":59}},"200":{"start":{"line":528,"column":12},"end":{"line":528,"column":58}},"201":{"start":{"line":530,"column":8},"end":{"line":530,"column":74}},"202":{"start":{"line":531,"column":8},"end":{"line":531,"column":58}},"203":{"start":{"line":532,"column":8},"end":{"line":532,"column":37}},"204":{"start":{"line":547,"column":8},"end":{"line":547,"column":42}},"205":{"start":{"line":548,"column":8},"end":{"line":548,"column":56}},"206":{"start":{"line":549,"column":8},"end":{"line":549,"column":54}},"207":{"start":{"line":550,"column":8},"end":{"line":550,"column":84}},"208":{"start":{"line":551,"column":8},"end":{"line":551,"column":82}},"209":{"start":{"line":552,"column":8},"end":{"line":552,"column":25410}},"210":{"start":{"line":553,"column":12},"end":{"line":553,"column":40}},"211":{"start":{"line":554,"column":12},"end":{"line":554,"column":25516}},"212":{"start":{"line":562,"column":12},"end":{"line":562,"column":25748}},"213":{"start":{"line":563,"column":16},"end":{"line":563,"column":54}},"214":{"start":{"line":564,"column":16},"end":{"line":564,"column":54}},"215":{"start":{"line":566,"column":16},"end":{"line":566,"column":58}},"216":{"start":{"line":567,"column":16},"end":{"line":567,"column":62}},"217":{"start":{"line":569,"column":12},"end":{"line":569,"column":41}},"218":{"start":{"line":571,"column":8},"end":{"line":571,"column":26120}},"219":{"start":{"line":572,"column":12},"end":{"line":572,"column":40}},"220":{"start":{"line":573,"column":12},"end":{"line":573,"column":26227}},"221":{"start":{"line":581,"column":12},"end":{"line":581,"column":26459}},"222":{"start":{"line":582,"column":16},"end":{"line":582,"column":54}},"223":{"start":{"line":583,"column":16},"end":{"line":583,"column":54}},"224":{"start":{"line":585,"column":16},"end":{"line":585,"column":58}},"225":{"start":{"line":586,"column":16},"end":{"line":586,"column":62}},"226":{"start":{"line":588,"column":12},"end":{"line":588,"column":41}},"227":{"start":{"line":604,"column":8},"end":{"line":604,"column":42}},"228":{"start":{"line":605,"column":8},"end":{"line":605,"column":52}},"229":{"start":{"line":606,"column":8},"end":{"line":606,"column":56}},"230":{"start":{"line":607,"column":8},"end":{"line":607,"column":54}},"231":{"start":{"line":608,"column":8},"end":{"line":608,"column":27587}},"232":{"start":{"line":611,"column":8},"end":{"line":611,"column":27698}},"233":{"start":{"line":614,"column":8},"end":{"line":614,"column":27794}},"234":{"start":{"line":615,"column":12},"end":{"line":615,"column":40}},"235":{"start":{"line":616,"column":12},"end":{"line":616,"column":27900}},"236":{"start":{"line":624,"column":12},"end":{"line":624,"column":54}},"237":{"start":{"line":625,"column":12},"end":{"line":625,"column":66}},"238":{"start":{"line":626,"column":12},"end":{"line":626,"column":65}},"239":{"start":{"line":627,"column":12},"end":{"line":627,"column":41}},"240":{"start":{"line":629,"column":8},"end":{"line":629,"column":28378}},"241":{"start":{"line":630,"column":12},"end":{"line":630,"column":40}},"242":{"start":{"line":631,"column":12},"end":{"line":631,"column":28485}},"243":{"start":{"line":639,"column":12},"end":{"line":639,"column":54}},"244":{"start":{"line":640,"column":12},"end":{"line":640,"column":66}},"245":{"start":{"line":641,"column":12},"end":{"line":641,"column":65}},"246":{"start":{"line":642,"column":12},"end":{"line":642,"column":41}},"247":{"start":{"line":652,"column":8},"end":{"line":652,"column":42}},"248":{"start":{"line":653,"column":8},"end":{"line":653,"column":54}},"249":{"start":{"line":654,"column":8},"end":{"line":654,"column":48}},"250":{"start":{"line":659,"column":8},"end":{"line":659,"column":56}},"251":{"start":{"line":660,"column":8},"end":{"line":660,"column":29701}},"252":{"start":{"line":667,"column":8},"end":{"line":667,"column":29891}},"253":{"start":{"line":674,"column":8},"end":{"line":674,"column":30061}},"254":{"start":{"line":698,"column":8},"end":{"line":698,"column":48}},"255":{"start":{"line":705,"column":8},"end":{"line":705,"column":56}},"256":{"start":{"line":711,"column":8},"end":{"line":711,"column":50}},"257":{"start":{"line":716,"column":8},"end":{"line":716,"column":44}},"258":{"start":{"line":721,"column":8},"end":{"line":721,"column":41}},"259":{"start":{"line":727,"column":8},"end":{"line":727,"column":49}},"260":{"start":{"line":732,"column":8},"end":{"line":732,"column":37}},"261":{"start":{"line":738,"column":8},"end":{"line":738,"column":52}},"262":{"start":{"line":743,"column":8},"end":{"line":743,"column":43}},"263":{"start":{"line":748,"column":8},"end":{"line":748,"column":32}},"264":{"start":{"line":756,"column":8},"end":{"line":756,"column":54}},"265":{"start":{"line":763,"column":8},"end":{"line":763,"column":50}},"266":{"start":{"line":778,"column":8},"end":{"line":778,"column":65}},"267":{"start":{"line":779,"column":8},"end":{"line":779,"column":50}},"268":{"start":{"line":785,"column":8},"end":{"line":785,"column":23}},"269":{"start":{"line":786,"column":8},"end":{"line":786,"column":31}},"270":{"start":{"line":792,"column":8},"end":{"line":792,"column":25}},"271":{"start":{"line":793,"column":8},"end":{"line":793,"column":33}},"272":{"start":{"line":802,"column":8},"end":{"line":802,"column":35614}},"273":{"start":{"line":803,"column":12},"end":{"line":803,"column":42}},"274":{"start":{"line":805,"column":12},"end":{"line":805,"column":60}},"275":{"start":{"line":807,"column":8},"end":{"line":807,"column":57}},"276":{"start":{"line":815,"column":8},"end":{"line":815,"column":49}},"277":{"start":{"line":816,"column":8},"end":{"line":816,"column":46}},"278":{"start":{"line":824,"column":8},"end":{"line":824,"column":72}},"279":{"start":{"line":825,"column":8},"end":{"line":825,"column":36769}},"280":{"start":{"line":826,"column":12},"end":{"line":826,"column":36804}},"281":{"start":{"line":827,"column":16},"end":{"line":827,"column":47}},"282":{"start":{"line":829,"column":16},"end":{"line":829,"column":65}},"283":{"start":{"line":832,"column":12},"end":{"line":832,"column":58}},"284":{"start":{"line":841,"column":8},"end":{"line":841,"column":37449}},"285":{"start":{"line":842,"column":12},"end":{"line":842,"column":84}},"286":{"start":{"line":843,"column":12},"end":{"line":843,"column":77}},"287":{"start":{"line":844,"column":12},"end":{"line":844,"column":37648}},"288":{"start":{"line":845,"column":16},"end":{"line":845,"column":63}},"289":{"start":{"line":847,"column":16},"end":{"line":847,"column":81}},"290":{"start":{"line":850,"column":8},"end":{"line":850,"column":62}},"291":{"start":{"line":858,"column":8},"end":{"line":858,"column":82}},"292":{"start":{"line":859,"column":8},"end":{"line":859,"column":38496}},"293":{"start":{"line":860,"column":12},"end":{"line":860,"column":51}},"294":{"start":{"line":862,"column":12},"end":{"line":862,"column":58}},"295":{"start":{"line":871,"column":8},"end":{"line":871,"column":39038}},"296":{"start":{"line":872,"column":12},"end":{"line":872,"column":84}},"297":{"start":{"line":873,"column":12},"end":{"line":873,"column":75}},"298":{"start":{"line":875,"column":8},"end":{"line":875,"column":71}},"299":{"start":{"line":887,"column":8},"end":{"line":887,"column":51}},"300":{"start":{"line":888,"column":8},"end":{"line":888,"column":48}}},"branchMap":{"1":{"line":99,"type":"if","locations":[{"start":{"line":99,"column":8},"end":{"line":99,"column":8}},{"start":{"line":99,"column":8},"end":{"line":99,"column":8}}]},"2":{"line":164,"type":"if","locations":[{"start":{"line":164,"column":8},"end":{"line":164,"column":8}},{"start":{"line":164,"column":8},"end":{"line":164,"column":8}}]},"3":{"line":205,"type":"if","locations":[{"start":{"line":205,"column":8},"end":{"line":205,"column":8}},{"start":{"line":205,"column":8},"end":{"line":205,"column":8}}]},"4":{"line":208,"type":"if","locations":[{"start":{"line":208,"column":8},"end":{"line":208,"column":8}},{"start":{"line":208,"column":8},"end":{"line":208,"column":8}}]},"5":{"line":215,"type":"if","locations":[{"start":{"line":215,"column":8},"end":{"line":215,"column":8}},{"start":{"line":215,"column":8},"end":{"line":215,"column":8}}]},"6":{"line":236,"type":"if","locations":[{"start":{"line":236,"column":8},"end":{"line":236,"column":8}},{"start":{"line":236,"column":8},"end":{"line":236,"column":8}}]},"7":{"line":255,"type":"if","locations":[{"start":{"line":255,"column":8},"end":{"line":255,"column":8}},{"start":{"line":255,"column":8},"end":{"line":255,"column":8}}]},"8":{"line":283,"type":"if","locations":[{"start":{"line":283,"column":12},"end":{"line":283,"column":12}},{"start":{"line":283,"column":12},"end":{"line":283,"column":12}}]},"9":{"line":284,"type":"if","locations":[{"start":{"line":284,"column":12},"end":{"line":284,"column":12}},{"start":{"line":284,"column":12},"end":{"line":284,"column":12}}]},"10":{"line":302,"type":"if","locations":[{"start":{"line":302,"column":12},"end":{"line":302,"column":12}},{"start":{"line":302,"column":12},"end":{"line":302,"column":12}}]},"11":{"line":308,"type":"if","locations":[{"start":{"line":308,"column":8},"end":{"line":308,"column":8}},{"start":{"line":308,"column":8},"end":{"line":308,"column":8}}]},"12":{"line":310,"type":"if","locations":[{"start":{"line":310,"column":8},"end":{"line":310,"column":8}},{"start":{"line":310,"column":8},"end":{"line":310,"column":8}}]},"13":{"line":327,"type":"if","locations":[{"start":{"line":327,"column":8},"end":{"line":327,"column":8}},{"start":{"line":327,"column":8},"end":{"line":327,"column":8}}]},"14":{"line":332,"type":"if","locations":[{"start":{"line":332,"column":8},"end":{"line":332,"column":8}},{"start":{"line":332,"column":8},"end":{"line":332,"column":8}}]},"15":{"line":345,"type":"if","locations":[{"start":{"line":345,"column":12},"end":{"line":345,"column":12}},{"start":{"line":345,"column":12},"end":{"line":345,"column":12}}]},"16":{"line":355,"type":"if","locations":[{"start":{"line":355,"column":12},"end":{"line":355,"column":12}},{"start":{"line":355,"column":12},"end":{"line":355,"column":12}}]},"17":{"line":373,"type":"if","locations":[{"start":{"line":373,"column":8},"end":{"line":373,"column":8}},{"start":{"line":373,"column":8},"end":{"line":373,"column":8}}]},"18":{"line":377,"type":"if","locations":[{"start":{"line":377,"column":8},"end":{"line":377,"column":8}},{"start":{"line":377,"column":8},"end":{"line":377,"column":8}}]},"19":{"line":390,"type":"if","locations":[{"start":{"line":390,"column":12},"end":{"line":390,"column":12}},{"start":{"line":390,"column":12},"end":{"line":390,"column":12}}]},"20":{"line":400,"type":"if","locations":[{"start":{"line":400,"column":8},"end":{"line":400,"column":8}},{"start":{"line":400,"column":8},"end":{"line":400,"column":8}}]},"21":{"line":418,"type":"if","locations":[{"start":{"line":418,"column":8},"end":{"line":418,"column":8}},{"start":{"line":418,"column":8},"end":{"line":418,"column":8}}]},"22":{"line":423,"type":"if","locations":[{"start":{"line":423,"column":8},"end":{"line":423,"column":8}},{"start":{"line":423,"column":8},"end":{"line":423,"column":8}}]},"23":{"line":443,"type":"if","locations":[{"start":{"line":443,"column":12},"end":{"line":443,"column":12}},{"start":{"line":443,"column":12},"end":{"line":443,"column":12}}]},"24":{"line":460,"type":"if","locations":[{"start":{"line":460,"column":8},"end":{"line":460,"column":8}},{"start":{"line":460,"column":8},"end":{"line":460,"column":8}}]},"25":{"line":464,"type":"if","locations":[{"start":{"line":464,"column":8},"end":{"line":464,"column":8}},{"start":{"line":464,"column":8},"end":{"line":464,"column":8}}]},"26":{"line":484,"type":"if","locations":[{"start":{"line":484,"column":8},"end":{"line":484,"column":8}},{"start":{"line":484,"column":8},"end":{"line":484,"column":8}}]},"27":{"line":510,"type":"if","locations":[{"start":{"line":510,"column":12},"end":{"line":510,"column":12}},{"start":{"line":510,"column":12},"end":{"line":510,"column":12}}]},"28":{"line":511,"type":"if","locations":[{"start":{"line":511,"column":12},"end":{"line":511,"column":12}},{"start":{"line":511,"column":12},"end":{"line":511,"column":12}}]},"29":{"line":519,"type":"if","locations":[{"start":{"line":519,"column":12},"end":{"line":519,"column":12}},{"start":{"line":519,"column":12},"end":{"line":519,"column":12}}]},"30":{"line":549,"type":"if","locations":[{"start":{"line":549,"column":8},"end":{"line":549,"column":8}},{"start":{"line":549,"column":8},"end":{"line":549,"column":8}}]},"31":{"line":552,"type":"if","locations":[{"start":{"line":552,"column":8},"end":{"line":552,"column":8}},{"start":{"line":552,"column":8},"end":{"line":552,"column":8}}]},"32":{"line":562,"type":"if","locations":[{"start":{"line":562,"column":12},"end":{"line":562,"column":12}},{"start":{"line":562,"column":12},"end":{"line":562,"column":12}}]},"33":{"line":571,"type":"if","locations":[{"start":{"line":571,"column":8},"end":{"line":571,"column":8}},{"start":{"line":571,"column":8},"end":{"line":571,"column":8}}]},"34":{"line":581,"type":"if","locations":[{"start":{"line":581,"column":12},"end":{"line":581,"column":12}},{"start":{"line":581,"column":12},"end":{"line":581,"column":12}}]},"35":{"line":607,"type":"if","locations":[{"start":{"line":607,"column":8},"end":{"line":607,"column":8}},{"start":{"line":607,"column":8},"end":{"line":607,"column":8}}]},"36":{"line":608,"type":"if","locations":[{"start":{"line":608,"column":8},"end":{"line":608,"column":8}},{"start":{"line":608,"column":8},"end":{"line":608,"column":8}}]},"37":{"line":611,"type":"if","locations":[{"start":{"line":611,"column":8},"end":{"line":611,"column":8}},{"start":{"line":611,"column":8},"end":{"line":611,"column":8}}]},"38":{"line":614,"type":"if","locations":[{"start":{"line":614,"column":8},"end":{"line":614,"column":8}},{"start":{"line":614,"column":8},"end":{"line":614,"column":8}}]},"39":{"line":629,"type":"if","locations":[{"start":{"line":629,"column":8},"end":{"line":629,"column":8}},{"start":{"line":629,"column":8},"end":{"line":629,"column":8}}]},"40":{"line":653,"type":"if","locations":[{"start":{"line":653,"column":8},"end":{"line":653,"column":8}},{"start":{"line":653,"column":8},"end":{"line":653,"column":8}}]},"41":{"line":660,"type":"if","locations":[{"start":{"line":660,"column":8},"end":{"line":660,"column":8}},{"start":{"line":660,"column":8},"end":{"line":660,"column":8}}]},"42":{"line":667,"type":"if","locations":[{"start":{"line":667,"column":8},"end":{"line":667,"column":8}},{"start":{"line":667,"column":8},"end":{"line":667,"column":8}}]},"43":{"line":674,"type":"if","locations":[{"start":{"line":674,"column":8},"end":{"line":674,"column":8}},{"start":{"line":674,"column":8},"end":{"line":674,"column":8}}]},"44":{"line":802,"type":"if","locations":[{"start":{"line":802,"column":8},"end":{"line":802,"column":8}},{"start":{"line":802,"column":8},"end":{"line":802,"column":8}}]},"45":{"line":825,"type":"if","locations":[{"start":{"line":825,"column":8},"end":{"line":825,"column":8}},{"start":{"line":825,"column":8},"end":{"line":825,"column":8}}]},"46":{"line":826,"type":"if","locations":[{"start":{"line":826,"column":12},"end":{"line":826,"column":12}},{"start":{"line":826,"column":12},"end":{"line":826,"column":12}}]},"47":{"line":841,"type":"if","locations":[{"start":{"line":841,"column":8},"end":{"line":841,"column":8}},{"start":{"line":841,"column":8},"end":{"line":841,"column":8}}]},"48":{"line":844,"type":"if","locations":[{"start":{"line":844,"column":12},"end":{"line":844,"column":12}},{"start":{"line":844,"column":12},"end":{"line":844,"column":12}}]},"49":{"line":859,"type":"if","locations":[{"start":{"line":859,"column":8},"end":{"line":859,"column":8}},{"start":{"line":859,"column":8},"end":{"line":859,"column":8}}]},"50":{"line":871,"type":"if","locations":[{"start":{"line":871,"column":8},"end":{"line":871,"column":8}},{"start":{"line":871,"column":8},"end":{"line":871,"column":8}}]}}}}